22-Jul-2023 00:10:02.785 INFO [ContainerBackgroundProcessor[StandardEngine[Catalina]]] org.apache.catalina.startup.HostConfig.undeploy Undeploying context [/React]
22-Jul-2023 00:10:02.786 INFO [ContainerBackgroundProcessor[StandardEngine[Catalina]]] org.apache.catalina.core.StandardWrapper.unload Waiting for [1] instance(s) to be deallocated for Servlet [team05.Servlet]
22-Jul-2023 00:10:02.946 INFO [localhost-startStop-8] org.apache.catalina.startup.HostConfig.deployWAR Deploying web application archive [C:\Users\Elicia\eclipse-workspace\IRSystem\tomcat-8.5\webapps\React.war]
22-Jul-2023 00:10:04.400 INFO [localhost-startStop-8] org.apache.jasper.servlet.TldScanner.scanJars At least one JAR was scanned for TLDs yet contained no TLDs. Enable debug logging for this logger for a complete list of JARs that were scanned but no TLDs were found in them. Skipping unneeded JARs during scanning can improve startup time and JSP compilation time.
22-Jul-2023 00:10:04.410 INFO [localhost-startStop-8] org.apache.catalina.startup.HostConfig.deployWAR Deployment of web application archive [C:\Users\Elicia\eclipse-workspace\IRSystem\tomcat-8.5\webapps\React.war] has finished in [1,462] ms
22-Jul-2023 00:10:06.194 INFO [http-nio-8080-exec-55] org.apache.lucene.store.MemorySegmentIndexInputProvider.<init> Using MemorySegmentIndexInput with Java 20; to disable start with -Dorg.apache.lucene.store.MMapDirectory.enableMemorySegments=false
22-Jul-2023 00:33:26.258 INFO [ContainerBackgroundProcessor[StandardEngine[Catalina]]] org.apache.catalina.startup.HostConfig.undeploy Undeploying context [/React]
22-Jul-2023 00:33:26.285 INFO [localhost-startStop-9] org.apache.catalina.startup.HostConfig.deployWAR Deploying web application archive [C:\Users\Elicia\eclipse-workspace\IRSystem\tomcat-8.5\webapps\React.war]
22-Jul-2023 00:33:27.078 INFO [localhost-startStop-9] org.apache.jasper.servlet.TldScanner.scanJars At least one JAR was scanned for TLDs yet contained no TLDs. Enable debug logging for this logger for a complete list of JARs that were scanned but no TLDs were found in them. Skipping unneeded JARs during scanning can improve startup time and JSP compilation time.
22-Jul-2023 00:33:27.082 INFO [localhost-startStop-9] org.apache.catalina.startup.HostConfig.deployWAR Deployment of web application archive [C:\Users\Elicia\eclipse-workspace\IRSystem\tomcat-8.5\webapps\React.war] has finished in [797] ms
22-Jul-2023 00:33:33.576 INFO [http-nio-8080-exec-64] org.apache.lucene.store.MemorySegmentIndexInputProvider.<init> Using MemorySegmentIndexInput with Java 20; to disable start with -Dorg.apache.lucene.store.MMapDirectory.enableMemorySegments=false
22-Jul-2023 19:31:48.716 INFO [ContainerBackgroundProcessor[StandardEngine[Catalina]]] org.apache.catalina.startup.HostConfig.undeploy Undeploying context [/React]
22-Jul-2023 19:31:48.921 INFO [localhost-startStop-10] org.apache.catalina.startup.HostConfig.deployWAR Deploying web application archive [C:\Users\Elicia\eclipse-workspace\IRSystem\tomcat-8.5\webapps\React.war]
22-Jul-2023 19:31:51.624 INFO [localhost-startStop-10] org.apache.jasper.servlet.TldScanner.scanJars At least one JAR was scanned for TLDs yet contained no TLDs. Enable debug logging for this logger for a complete list of JARs that were scanned but no TLDs were found in them. Skipping unneeded JARs during scanning can improve startup time and JSP compilation time.
22-Jul-2023 19:31:51.690 INFO [localhost-startStop-10] org.apache.catalina.startup.HostConfig.deployWAR Deployment of web application archive [C:\Users\Elicia\eclipse-workspace\IRSystem\tomcat-8.5\webapps\React.war] has finished in [2,768] ms
22-Jul-2023 19:31:53.180 INFO [http-nio-8080-exec-79] org.apache.lucene.store.MemorySegmentIndexInputProvider.<init> Using MemorySegmentIndexInput with Java 20; to disable start with -Dorg.apache.lucene.store.MMapDirectory.enableMemorySegments=false
22-Jul-2023 19:36:52.325 INFO [ContainerBackgroundProcessor[StandardEngine[Catalina]]] org.apache.catalina.startup.HostConfig.undeploy Undeploying context [/React]
22-Jul-2023 19:36:52.373 INFO [localhost-startStop-11] org.apache.catalina.startup.HostConfig.deployWAR Deploying web application archive [C:\Users\Elicia\eclipse-workspace\IRSystem\tomcat-8.5\webapps\React.war]
22-Jul-2023 19:36:54.516 INFO [localhost-startStop-11] org.apache.jasper.servlet.TldScanner.scanJars At least one JAR was scanned for TLDs yet contained no TLDs. Enable debug logging for this logger for a complete list of JARs that were scanned but no TLDs were found in them. Skipping unneeded JARs during scanning can improve startup time and JSP compilation time.
22-Jul-2023 19:36:54.534 INFO [localhost-startStop-11] org.apache.catalina.startup.HostConfig.deployWAR Deployment of web application archive [C:\Users\Elicia\eclipse-workspace\IRSystem\tomcat-8.5\webapps\React.war] has finished in [2,160] ms
22-Jul-2023 19:36:55.895 INFO [http-nio-8080-exec-83] org.apache.lucene.store.MemorySegmentIndexInputProvider.<init> Using MemorySegmentIndexInput with Java 20; to disable start with -Dorg.apache.lucene.store.MMapDirectory.enableMemorySegments=false
22-Jul-2023 19:38:44.819 INFO [ContainerBackgroundProcessor[StandardEngine[Catalina]]] org.apache.catalina.startup.HostConfig.undeploy Undeploying context [/React]
22-Jul-2023 19:38:44.860 INFO [localhost-startStop-12] org.apache.catalina.startup.HostConfig.deployWAR Deploying web application archive [C:\Users\Elicia\eclipse-workspace\IRSystem\tomcat-8.5\webapps\React.war]
22-Jul-2023 19:38:46.222 INFO [localhost-startStop-12] org.apache.jasper.servlet.TldScanner.scanJars At least one JAR was scanned for TLDs yet contained no TLDs. Enable debug logging for this logger for a complete list of JARs that were scanned but no TLDs were found in them. Skipping unneeded JARs during scanning can improve startup time and JSP compilation time.
22-Jul-2023 19:38:46.227 INFO [localhost-startStop-12] org.apache.catalina.startup.HostConfig.deployWAR Deployment of web application archive [C:\Users\Elicia\eclipse-workspace\IRSystem\tomcat-8.5\webapps\React.war] has finished in [1,367] ms
22-Jul-2023 19:38:53.004 INFO [http-nio-8080-exec-100] org.apache.lucene.store.MemorySegmentIndexInputProvider.<init> Using MemorySegmentIndexInput with Java 20; to disable start with -Dorg.apache.lucene.store.MMapDirectory.enableMemorySegments=false
22-Jul-2023 19:40:16.381 INFO [ContainerBackgroundProcessor[StandardEngine[Catalina]]] org.apache.catalina.startup.HostConfig.undeploy Undeploying context [/React]
22-Jul-2023 19:40:16.419 INFO [localhost-startStop-13] org.apache.catalina.startup.HostConfig.deployWAR Deploying web application archive [C:\Users\Elicia\eclipse-workspace\IRSystem\tomcat-8.5\webapps\React.war]
22-Jul-2023 19:40:18.381 INFO [localhost-startStop-13] org.apache.jasper.servlet.TldScanner.scanJars At least one JAR was scanned for TLDs yet contained no TLDs. Enable debug logging for this logger for a complete list of JARs that were scanned but no TLDs were found in them. Skipping unneeded JARs during scanning can improve startup time and JSP compilation time.
22-Jul-2023 19:40:18.389 INFO [localhost-startStop-13] org.apache.catalina.startup.HostConfig.deployWAR Deployment of web application archive [C:\Users\Elicia\eclipse-workspace\IRSystem\tomcat-8.5\webapps\React.war] has finished in [1,970] ms
22-Jul-2023 19:40:19.030 INFO [http-nio-8080-exec-95] org.apache.lucene.store.MemorySegmentIndexInputProvider.<init> Using MemorySegmentIndexInput with Java 20; to disable start with -Dorg.apache.lucene.store.MMapDirectory.enableMemorySegments=false
22-Jul-2023 19:42:48.624 INFO [ContainerBackgroundProcessor[StandardEngine[Catalina]]] org.apache.catalina.startup.HostConfig.undeploy Undeploying context [/React]
22-Jul-2023 19:42:48.664 INFO [localhost-startStop-14] org.apache.catalina.startup.HostConfig.deployWAR Deploying web application archive [C:\Users\Elicia\eclipse-workspace\IRSystem\tomcat-8.5\webapps\React.war]
22-Jul-2023 19:42:50.631 INFO [localhost-startStop-14] org.apache.jasper.servlet.TldScanner.scanJars At least one JAR was scanned for TLDs yet contained no TLDs. Enable debug logging for this logger for a complete list of JARs that were scanned but no TLDs were found in them. Skipping unneeded JARs during scanning can improve startup time and JSP compilation time.
22-Jul-2023 19:42:50.644 INFO [localhost-startStop-14] org.apache.catalina.startup.HostConfig.deployWAR Deployment of web application archive [C:\Users\Elicia\eclipse-workspace\IRSystem\tomcat-8.5\webapps\React.war] has finished in [1,979] ms
22-Jul-2023 19:42:54.387 INFO [http-nio-8080-exec-107] org.apache.lucene.store.MemorySegmentIndexInputProvider.<init> Using MemorySegmentIndexInput with Java 20; to disable start with -Dorg.apache.lucene.store.MMapDirectory.enableMemorySegments=false
22-Jul-2023 20:00:22.283 INFO [ContainerBackgroundProcessor[StandardEngine[Catalina]]] org.apache.catalina.startup.HostConfig.undeploy Undeploying context [/React]
22-Jul-2023 20:00:22.316 INFO [localhost-startStop-15] org.apache.catalina.startup.HostConfig.deployWAR Deploying web application archive [C:\Users\Elicia\eclipse-workspace\IRSystem\tomcat-8.5\webapps\React.war]
22-Jul-2023 20:00:23.644 INFO [localhost-startStop-15] org.apache.jasper.servlet.TldScanner.scanJars At least one JAR was scanned for TLDs yet contained no TLDs. Enable debug logging for this logger for a complete list of JARs that were scanned but no TLDs were found in them. Skipping unneeded JARs during scanning can improve startup time and JSP compilation time.
22-Jul-2023 20:00:23.651 INFO [localhost-startStop-15] org.apache.catalina.startup.HostConfig.deployWAR Deployment of web application archive [C:\Users\Elicia\eclipse-workspace\IRSystem\tomcat-8.5\webapps\React.war] has finished in [1,336] ms
22-Jul-2023 20:00:23.876 INFO [http-nio-8080-exec-109] org.apache.lucene.store.MemorySegmentIndexInputProvider.<init> Using MemorySegmentIndexInput with Java 20; to disable start with -Dorg.apache.lucene.store.MMapDirectory.enableMemorySegments=false
22-Jul-2023 20:16:15.548 INFO [ContainerBackgroundProcessor[StandardEngine[Catalina]]] org.apache.catalina.startup.HostConfig.undeploy Undeploying context [/React]
22-Jul-2023 20:16:15.592 INFO [localhost-startStop-16] org.apache.catalina.startup.HostConfig.deployWAR Deploying web application archive [C:\Users\Elicia\eclipse-workspace\IRSystem\tomcat-8.5\webapps\React.war]
22-Jul-2023 20:16:17.847 INFO [localhost-startStop-16] org.apache.jasper.servlet.TldScanner.scanJars At least one JAR was scanned for TLDs yet contained no TLDs. Enable debug logging for this logger for a complete list of JARs that were scanned but no TLDs were found in them. Skipping unneeded JARs during scanning can improve startup time and JSP compilation time.
22-Jul-2023 20:16:17.855 INFO [localhost-startStop-16] org.apache.catalina.startup.HostConfig.deployWAR Deployment of web application archive [C:\Users\Elicia\eclipse-workspace\IRSystem\tomcat-8.5\webapps\React.war] has finished in [2,263] ms
22-Jul-2023 20:16:31.347 INFO [http-nio-8080-exec-120] org.apache.lucene.store.MemorySegmentIndexInputProvider.<init> Using MemorySegmentIndexInput with Java 20; to disable start with -Dorg.apache.lucene.store.MMapDirectory.enableMemorySegments=false
22-Jul-2023 20:18:18.025 INFO [ContainerBackgroundProcessor[StandardEngine[Catalina]]] org.apache.catalina.startup.HostConfig.undeploy Undeploying context [/React]
22-Jul-2023 20:18:18.054 INFO [localhost-startStop-17] org.apache.catalina.startup.HostConfig.deployWAR Deploying web application archive [C:\Users\Elicia\eclipse-workspace\IRSystem\tomcat-8.5\webapps\React.war]
22-Jul-2023 20:18:19.223 INFO [localhost-startStop-17] org.apache.jasper.servlet.TldScanner.scanJars At least one JAR was scanned for TLDs yet contained no TLDs. Enable debug logging for this logger for a complete list of JARs that were scanned but no TLDs were found in them. Skipping unneeded JARs during scanning can improve startup time and JSP compilation time.
22-Jul-2023 20:18:19.231 INFO [localhost-startStop-17] org.apache.catalina.startup.HostConfig.deployWAR Deployment of web application archive [C:\Users\Elicia\eclipse-workspace\IRSystem\tomcat-8.5\webapps\React.war] has finished in [1,176] ms
22-Jul-2023 20:19:05.602 INFO [http-nio-8080-exec-133] org.apache.lucene.store.MemorySegmentIndexInputProvider.<init> Using MemorySegmentIndexInput with Java 20; to disable start with -Dorg.apache.lucene.store.MMapDirectory.enableMemorySegments=false
22-Jul-2023 20:26:09.909 INFO [ContainerBackgroundProcessor[StandardEngine[Catalina]]] org.apache.catalina.startup.HostConfig.undeploy Undeploying context [/React]
22-Jul-2023 20:26:09.953 INFO [localhost-startStop-18] org.apache.catalina.startup.HostConfig.deployWAR Deploying web application archive [C:\Users\Elicia\eclipse-workspace\IRSystem\tomcat-8.5\webapps\React.war]
22-Jul-2023 20:26:11.356 INFO [localhost-startStop-18] org.apache.jasper.servlet.TldScanner.scanJars At least one JAR was scanned for TLDs yet contained no TLDs. Enable debug logging for this logger for a complete list of JARs that were scanned but no TLDs were found in them. Skipping unneeded JARs during scanning can improve startup time and JSP compilation time.
22-Jul-2023 20:26:11.364 INFO [localhost-startStop-18] org.apache.catalina.startup.HostConfig.deployWAR Deployment of web application archive [C:\Users\Elicia\eclipse-workspace\IRSystem\tomcat-8.5\webapps\React.war] has finished in [1,410] ms
22-Jul-2023 20:26:20.138 INFO [http-nio-8080-exec-137] org.apache.lucene.store.MemorySegmentIndexInputProvider.<init> Using MemorySegmentIndexInput with Java 20; to disable start with -Dorg.apache.lucene.store.MMapDirectory.enableMemorySegments=false
22-Jul-2023 20:34:32.097 INFO [ContainerBackgroundProcessor[StandardEngine[Catalina]]] org.apache.catalina.startup.HostConfig.undeploy Undeploying context [/React]
22-Jul-2023 20:34:32.145 INFO [localhost-startStop-19] org.apache.catalina.startup.HostConfig.deployWAR Deploying web application archive [C:\Users\Elicia\eclipse-workspace\IRSystem\tomcat-8.5\webapps\React.war]
22-Jul-2023 20:34:33.361 INFO [localhost-startStop-19] org.apache.jasper.servlet.TldScanner.scanJars At least one JAR was scanned for TLDs yet contained no TLDs. Enable debug logging for this logger for a complete list of JARs that were scanned but no TLDs were found in them. Skipping unneeded JARs during scanning can improve startup time and JSP compilation time.
22-Jul-2023 20:34:33.366 INFO [localhost-startStop-19] org.apache.catalina.startup.HostConfig.deployWAR Deployment of web application archive [C:\Users\Elicia\eclipse-workspace\IRSystem\tomcat-8.5\webapps\React.war] has finished in [1,220] ms
22-Jul-2023 20:34:34.453 INFO [http-nio-8080-exec-154] org.apache.lucene.store.MemorySegmentIndexInputProvider.<init> Using MemorySegmentIndexInput with Java 20; to disable start with -Dorg.apache.lucene.store.MMapDirectory.enableMemorySegments=false
22-Jul-2023 20:35:03.410 INFO [ContainerBackgroundProcessor[StandardEngine[Catalina]]] org.apache.catalina.startup.HostConfig.undeploy Undeploying context [/React]
22-Jul-2023 20:35:03.455 INFO [localhost-startStop-20] org.apache.catalina.startup.HostConfig.deployWAR Deploying web application archive [C:\Users\Elicia\eclipse-workspace\IRSystem\tomcat-8.5\webapps\React.war]
22-Jul-2023 20:35:04.710 INFO [localhost-startStop-20] org.apache.jasper.servlet.TldScanner.scanJars At least one JAR was scanned for TLDs yet contained no TLDs. Enable debug logging for this logger for a complete list of JARs that were scanned but no TLDs were found in them. Skipping unneeded JARs during scanning can improve startup time and JSP compilation time.
22-Jul-2023 20:35:04.714 INFO [localhost-startStop-20] org.apache.catalina.startup.HostConfig.deployWAR Deployment of web application archive [C:\Users\Elicia\eclipse-workspace\IRSystem\tomcat-8.5\webapps\React.war] has finished in [1,259] ms
22-Jul-2023 20:35:05.134 INFO [http-nio-8080-exec-155] org.apache.lucene.store.MemorySegmentIndexInputProvider.<init> Using MemorySegmentIndexInput with Java 20; to disable start with -Dorg.apache.lucene.store.MMapDirectory.enableMemorySegments=false
