21-Jul-2023 00:36:11.705 INFO [main] org.apache.catalina.startup.VersionLoggerListener.log Server version name:   Apache Tomcat/8.5.90
21-Jul-2023 00:36:11.708 INFO [main] org.apache.catalina.startup.VersionLoggerListener.log Server built:          Jun 2 2023 17:14:04 UTC
21-Jul-2023 00:36:11.708 INFO [main] org.apache.catalina.startup.VersionLoggerListener.log Server version number: 8.5.90.0
21-Jul-2023 00:36:11.708 INFO [main] org.apache.catalina.startup.VersionLoggerListener.log OS Name:               Windows 11
21-Jul-2023 00:36:11.709 INFO [main] org.apache.catalina.startup.VersionLoggerListener.log OS Version:            10.0
21-Jul-2023 00:36:11.709 INFO [main] org.apache.catalina.startup.VersionLoggerListener.log Architecture:          amd64
21-Jul-2023 00:36:11.710 INFO [main] org.apache.catalina.startup.VersionLoggerListener.log Java Home:             C:\Program Files\Java\jdk-20
21-Jul-2023 00:36:11.711 INFO [main] org.apache.catalina.startup.VersionLoggerListener.log JVM Version:           20.0.1+9-29
21-Jul-2023 00:36:11.711 INFO [main] org.apache.catalina.startup.VersionLoggerListener.log JVM Vendor:            Oracle Corporation
21-Jul-2023 00:36:11.711 INFO [main] org.apache.catalina.startup.VersionLoggerListener.log CATALINA_BASE:         C:\Users\Elicia\eclipse-workspace\IRSystem\tomcat-8.5
21-Jul-2023 00:36:11.712 INFO [main] org.apache.catalina.startup.VersionLoggerListener.log CATALINA_HOME:         C:\Users\Elicia\eclipse-workspace\IRSystem\tomcat-8.5
21-Jul-2023 00:36:11.713 INFO [main] org.apache.catalina.startup.VersionLoggerListener.log Command line argument: --add-opens=java.base/java.lang=ALL-UNNAMED
21-Jul-2023 00:36:11.714 INFO [main] org.apache.catalina.startup.VersionLoggerListener.log Command line argument: --add-opens=java.base/java.io=ALL-UNNAMED
21-Jul-2023 00:36:11.714 INFO [main] org.apache.catalina.startup.VersionLoggerListener.log Command line argument: --add-opens=java.base/java.util=ALL-UNNAMED
21-Jul-2023 00:36:11.715 INFO [main] org.apache.catalina.startup.VersionLoggerListener.log Command line argument: --add-opens=java.base/java.util.concurrent=ALL-UNNAMED
21-Jul-2023 00:36:11.718 INFO [main] org.apache.catalina.startup.VersionLoggerListener.log Command line argument: --add-opens=java.rmi/sun.rmi.transport=ALL-UNNAMED
21-Jul-2023 00:36:11.718 INFO [main] org.apache.catalina.startup.VersionLoggerListener.log Command line argument: -Djava.util.logging.config.file=C:\Users\Elicia\eclipse-workspace\IRSystem\tomcat-8.5\conf\logging.properties
21-Jul-2023 00:36:11.719 INFO [main] org.apache.catalina.startup.VersionLoggerListener.log Command line argument: -Djava.util.logging.manager=org.apache.juli.ClassLoaderLogManager
21-Jul-2023 00:36:11.719 INFO [main] org.apache.catalina.startup.VersionLoggerListener.log Command line argument: -Djdk.tls.ephemeralDHKeySize=2048
21-Jul-2023 00:36:11.719 INFO [main] org.apache.catalina.startup.VersionLoggerListener.log Command line argument: -Djava.protocol.handler.pkgs=org.apache.catalina.webresources
21-Jul-2023 00:36:11.720 INFO [main] org.apache.catalina.startup.VersionLoggerListener.log Command line argument: -Dignore.endorsed.dirs=
21-Jul-2023 00:36:11.720 INFO [main] org.apache.catalina.startup.VersionLoggerListener.log Command line argument: -Dcatalina.base=C:\Users\Elicia\eclipse-workspace\IRSystem\tomcat-8.5
21-Jul-2023 00:36:11.720 INFO [main] org.apache.catalina.startup.VersionLoggerListener.log Command line argument: -Dcatalina.home=C:\Users\Elicia\eclipse-workspace\IRSystem\tomcat-8.5
21-Jul-2023 00:36:11.720 INFO [main] org.apache.catalina.startup.VersionLoggerListener.log Command line argument: -Djava.io.tmpdir=C:\Users\Elicia\eclipse-workspace\IRSystem\tomcat-8.5\temp
21-Jul-2023 00:36:11.721 INFO [main] org.apache.catalina.core.AprLifecycleListener.lifecycleEvent The Apache Tomcat Native library which allows using OpenSSL was not found on the java.library.path: [C:\Program Files\Java\jdk-20\bin;C:\WINDOWS\Sun\Java\bin;C:\WINDOWS\system32;C:\WINDOWS;C:\Program Files\Common Files\Oracle\Java\javapath;C:\WINDOWS\system32;C:\WINDOWS;C:\WINDOWS\System32\Wbem;C:\WINDOWS\System32\WindowsPowerShell\v1.0\;C:\WINDOWS\System32\OpenSSH\;C:\Program Files\Git\cmd;C:\Program Files\nodejs\;C:\apache-maven-3.9.3\bin;C:\Users\Elicia\AppData\Local\Microsoft\WindowsApps;C:\Users\Elicia\AppData\Local\Programs\Microsoft VS Code\bin;C:\Users\Elicia\AppData\Local\Programs\Python\Python311;C:\Users\Elicia\AppData\Local\Programs\Python\Python311\Scripts;C:\Program Files\Java\jdk-20;C:\Users\Elicia\AppData\Local\GitHubDesktop\bin;C:\Users\Elicia\AppData\Roaming\npm;C:\apache-maven-3.9.3-bin\apache-maven-3.9.3\bin;;.]
21-Jul-2023 00:36:11.773 INFO [main] org.apache.coyote.AbstractProtocol.init Initializing ProtocolHandler ["http-nio-8080"]
21-Jul-2023 00:36:11.797 INFO [main] org.apache.catalina.startup.Catalina.load Initialization processed in 592 ms
21-Jul-2023 00:36:11.873 INFO [main] org.apache.catalina.core.StandardService.startInternal Starting service [Catalina]
21-Jul-2023 00:36:11.873 INFO [main] org.apache.catalina.core.StandardEngine.startInternal Starting Servlet engine: [Apache Tomcat/8.5.90]
21-Jul-2023 00:36:11.894 INFO [localhost-startStop-1] org.apache.catalina.startup.HostConfig.deployWAR Deploying web application archive [C:\Users\Elicia\eclipse-workspace\IRSystem\tomcat-8.5\webapps\IRSystem.war]
21-Jul-2023 00:36:12.874 INFO [localhost-startStop-1] org.apache.jasper.servlet.TldScanner.scanJars At least one JAR was scanned for TLDs yet contained no TLDs. Enable debug logging for this logger for a complete list of JARs that were scanned but no TLDs were found in them. Skipping unneeded JARs during scanning can improve startup time and JSP compilation time.
21-Jul-2023 00:36:12.949 INFO [localhost-startStop-1] org.apache.catalina.startup.HostConfig.deployWAR Deployment of web application archive [C:\Users\Elicia\eclipse-workspace\IRSystem\tomcat-8.5\webapps\IRSystem.war] has finished in [1,054] ms
21-Jul-2023 00:36:12.952 INFO [localhost-startStop-1] org.apache.catalina.startup.HostConfig.deployWAR Deploying web application archive [C:\Users\Elicia\eclipse-workspace\IRSystem\tomcat-8.5\webapps\React.war]
21-Jul-2023 00:36:13.271 INFO [localhost-startStop-1] org.apache.jasper.servlet.TldScanner.scanJars At least one JAR was scanned for TLDs yet contained no TLDs. Enable debug logging for this logger for a complete list of JARs that were scanned but no TLDs were found in them. Skipping unneeded JARs during scanning can improve startup time and JSP compilation time.
21-Jul-2023 00:36:13.275 INFO [localhost-startStop-1] org.apache.catalina.startup.HostConfig.deployWAR Deployment of web application archive [C:\Users\Elicia\eclipse-workspace\IRSystem\tomcat-8.5\webapps\React.war] has finished in [322] ms
21-Jul-2023 00:36:13.278 INFO [localhost-startStop-1] org.apache.catalina.startup.HostConfig.deployDirectory Deploying web application directory [C:\Users\Elicia\eclipse-workspace\IRSystem\tomcat-8.5\webapps\docs]
21-Jul-2023 00:36:13.310 INFO [localhost-startStop-1] org.apache.catalina.startup.HostConfig.deployDirectory Deployment of web application directory [C:\Users\Elicia\eclipse-workspace\IRSystem\tomcat-8.5\webapps\docs] has finished in [34] ms
21-Jul-2023 00:36:13.310 INFO [localhost-startStop-1] org.apache.catalina.startup.HostConfig.deployDirectory Deploying web application directory [C:\Users\Elicia\eclipse-workspace\IRSystem\tomcat-8.5\webapps\examples]
21-Jul-2023 00:36:13.696 INFO [localhost-startStop-1] org.apache.catalina.startup.HostConfig.deployDirectory Deployment of web application directory [C:\Users\Elicia\eclipse-workspace\IRSystem\tomcat-8.5\webapps\examples] has finished in [386] ms
21-Jul-2023 00:36:13.698 INFO [localhost-startStop-1] org.apache.catalina.startup.HostConfig.deployDirectory Deploying web application directory [C:\Users\Elicia\eclipse-workspace\IRSystem\tomcat-8.5\webapps\host-manager]
21-Jul-2023 00:36:13.737 INFO [localhost-startStop-1] org.apache.catalina.startup.HostConfig.deployDirectory Deployment of web application directory [C:\Users\Elicia\eclipse-workspace\IRSystem\tomcat-8.5\webapps\host-manager] has finished in [39] ms
21-Jul-2023 00:36:13.738 INFO [localhost-startStop-1] org.apache.catalina.startup.HostConfig.deployDirectory Deploying web application directory [C:\Users\Elicia\eclipse-workspace\IRSystem\tomcat-8.5\webapps\manager]
21-Jul-2023 00:36:13.781 INFO [localhost-startStop-1] org.apache.catalina.startup.HostConfig.deployDirectory Deployment of web application directory [C:\Users\Elicia\eclipse-workspace\IRSystem\tomcat-8.5\webapps\manager] has finished in [43] ms
21-Jul-2023 00:36:13.782 INFO [localhost-startStop-1] org.apache.catalina.startup.HostConfig.deployDirectory Deploying web application directory [C:\Users\Elicia\eclipse-workspace\IRSystem\tomcat-8.5\webapps\ROOT]
21-Jul-2023 00:36:13.806 INFO [localhost-startStop-1] org.apache.catalina.startup.HostConfig.deployDirectory Deployment of web application directory [C:\Users\Elicia\eclipse-workspace\IRSystem\tomcat-8.5\webapps\ROOT] has finished in [23] ms
21-Jul-2023 00:36:13.810 INFO [main] org.apache.coyote.AbstractProtocol.start Starting ProtocolHandler ["http-nio-8080"]
21-Jul-2023 00:36:13.865 INFO [main] org.apache.catalina.startup.Catalina.start Server startup in 2065 ms
21-Jul-2023 00:40:54.805 INFO [ContainerBackgroundProcessor[StandardEngine[Catalina]]] org.apache.catalina.startup.HostConfig.undeploy Undeploying context [/IRSystem]
21-Jul-2023 00:41:04.915 INFO [ContainerBackgroundProcessor[StandardEngine[Catalina]]] org.apache.catalina.startup.HostConfig.undeploy Undeploying context [/React]
21-Jul-2023 00:41:05.000 INFO [localhost-startStop-2] org.apache.catalina.startup.HostConfig.deployWAR Deploying web application archive [C:\Users\Elicia\eclipse-workspace\IRSystem\tomcat-8.5\webapps\React.war]
21-Jul-2023 00:41:06.695 INFO [localhost-startStop-2] org.apache.jasper.servlet.TldScanner.scanJars At least one JAR was scanned for TLDs yet contained no TLDs. Enable debug logging for this logger for a complete list of JARs that were scanned but no TLDs were found in them. Skipping unneeded JARs during scanning can improve startup time and JSP compilation time.
21-Jul-2023 00:41:06.703 INFO [localhost-startStop-2] org.apache.catalina.startup.HostConfig.deployWAR Deployment of web application archive [C:\Users\Elicia\eclipse-workspace\IRSystem\tomcat-8.5\webapps\React.war] has finished in [1,704] ms
21-Jul-2023 00:41:09.945 INFO [http-nio-8080-exec-2] org.apache.lucene.store.MemorySegmentIndexInputProvider.<init> Using MemorySegmentIndexInput with Java 20; to disable start with -Dorg.apache.lucene.store.MMapDirectory.enableMemorySegments=false
21-Jul-2023 00:48:16.292 INFO [main] org.apache.catalina.core.StandardServer.await A valid shutdown command was received via the shutdown port. Stopping the Server instance.
21-Jul-2023 00:48:16.293 INFO [main] org.apache.coyote.AbstractProtocol.pause Pausing ProtocolHandler ["http-nio-8080"]
21-Jul-2023 00:48:16.306 INFO [main] org.apache.catalina.core.StandardService.stopInternal Stopping service [Catalina]
21-Jul-2023 00:48:16.378 INFO [main] org.apache.coyote.AbstractProtocol.stop Stopping ProtocolHandler ["http-nio-8080"]
21-Jul-2023 00:48:16.387 INFO [main] org.apache.coyote.AbstractProtocol.destroy Destroying ProtocolHandler ["http-nio-8080"]
21-Jul-2023 00:48:36.467 INFO [main] org.apache.catalina.startup.VersionLoggerListener.log Server version name:   Apache Tomcat/8.5.90
21-Jul-2023 00:48:36.470 INFO [main] org.apache.catalina.startup.VersionLoggerListener.log Server built:          Jun 2 2023 17:14:04 UTC
21-Jul-2023 00:48:36.470 INFO [main] org.apache.catalina.startup.VersionLoggerListener.log Server version number: 8.5.90.0
21-Jul-2023 00:48:36.471 INFO [main] org.apache.catalina.startup.VersionLoggerListener.log OS Name:               Windows 11
21-Jul-2023 00:48:36.471 INFO [main] org.apache.catalina.startup.VersionLoggerListener.log OS Version:            10.0
21-Jul-2023 00:48:36.471 INFO [main] org.apache.catalina.startup.VersionLoggerListener.log Architecture:          amd64
21-Jul-2023 00:48:36.471 INFO [main] org.apache.catalina.startup.VersionLoggerListener.log Java Home:             C:\Program Files\Java\jdk-20
21-Jul-2023 00:48:36.472 INFO [main] org.apache.catalina.startup.VersionLoggerListener.log JVM Version:           20.0.1+9-29
21-Jul-2023 00:48:36.473 INFO [main] org.apache.catalina.startup.VersionLoggerListener.log JVM Vendor:            Oracle Corporation
21-Jul-2023 00:48:36.473 INFO [main] org.apache.catalina.startup.VersionLoggerListener.log CATALINA_BASE:         C:\Users\Elicia\eclipse-workspace\IRSystem\tomcat-8.5
21-Jul-2023 00:48:36.473 INFO [main] org.apache.catalina.startup.VersionLoggerListener.log CATALINA_HOME:         C:\Users\Elicia\eclipse-workspace\IRSystem\tomcat-8.5
21-Jul-2023 00:48:36.475 INFO [main] org.apache.catalina.startup.VersionLoggerListener.log Command line argument: --add-opens=java.base/java.lang=ALL-UNNAMED
21-Jul-2023 00:48:36.475 INFO [main] org.apache.catalina.startup.VersionLoggerListener.log Command line argument: --add-opens=java.base/java.io=ALL-UNNAMED
21-Jul-2023 00:48:36.476 INFO [main] org.apache.catalina.startup.VersionLoggerListener.log Command line argument: --add-opens=java.base/java.util=ALL-UNNAMED
21-Jul-2023 00:48:36.476 INFO [main] org.apache.catalina.startup.VersionLoggerListener.log Command line argument: --add-opens=java.base/java.util.concurrent=ALL-UNNAMED
21-Jul-2023 00:48:36.477 INFO [main] org.apache.catalina.startup.VersionLoggerListener.log Command line argument: --add-opens=java.rmi/sun.rmi.transport=ALL-UNNAMED
21-Jul-2023 00:48:36.478 INFO [main] org.apache.catalina.startup.VersionLoggerListener.log Command line argument: -Djava.util.logging.config.file=C:\Users\Elicia\eclipse-workspace\IRSystem\tomcat-8.5\conf\logging.properties
21-Jul-2023 00:48:36.478 INFO [main] org.apache.catalina.startup.VersionLoggerListener.log Command line argument: -Djava.util.logging.manager=org.apache.juli.ClassLoaderLogManager
21-Jul-2023 00:48:36.479 INFO [main] org.apache.catalina.startup.VersionLoggerListener.log Command line argument: -Djdk.tls.ephemeralDHKeySize=2048
21-Jul-2023 00:48:36.479 INFO [main] org.apache.catalina.startup.VersionLoggerListener.log Command line argument: -Djava.protocol.handler.pkgs=org.apache.catalina.webresources
21-Jul-2023 00:48:36.481 INFO [main] org.apache.catalina.startup.VersionLoggerListener.log Command line argument: -Dignore.endorsed.dirs=
21-Jul-2023 00:48:36.481 INFO [main] org.apache.catalina.startup.VersionLoggerListener.log Command line argument: -Dcatalina.base=C:\Users\Elicia\eclipse-workspace\IRSystem\tomcat-8.5
21-Jul-2023 00:48:36.482 INFO [main] org.apache.catalina.startup.VersionLoggerListener.log Command line argument: -Dcatalina.home=C:\Users\Elicia\eclipse-workspace\IRSystem\tomcat-8.5
21-Jul-2023 00:48:36.482 INFO [main] org.apache.catalina.startup.VersionLoggerListener.log Command line argument: -Djava.io.tmpdir=C:\Users\Elicia\eclipse-workspace\IRSystem\tomcat-8.5\temp
21-Jul-2023 00:48:36.482 INFO [main] org.apache.catalina.core.AprLifecycleListener.lifecycleEvent The Apache Tomcat Native library which allows using OpenSSL was not found on the java.library.path: [C:\Program Files\Java\jdk-20\bin;C:\WINDOWS\Sun\Java\bin;C:\WINDOWS\system32;C:\WINDOWS;C:\Program Files\Common Files\Oracle\Java\javapath;C:\WINDOWS\system32;C:\WINDOWS;C:\WINDOWS\System32\Wbem;C:\WINDOWS\System32\WindowsPowerShell\v1.0\;C:\WINDOWS\System32\OpenSSH\;C:\Program Files\Git\cmd;C:\Program Files\nodejs\;C:\apache-maven-3.9.3\bin;C:\Users\Elicia\AppData\Local\Microsoft\WindowsApps;C:\Users\Elicia\AppData\Local\Programs\Microsoft VS Code\bin;C:\Users\Elicia\AppData\Local\Programs\Python\Python311;C:\Users\Elicia\AppData\Local\Programs\Python\Python311\Scripts;C:\Program Files\Java\jdk-20;C:\Users\Elicia\AppData\Local\GitHubDesktop\bin;C:\Users\Elicia\AppData\Roaming\npm;C:\apache-maven-3.9.3-bin\apache-maven-3.9.3\bin;;.]
21-Jul-2023 00:48:36.545 INFO [main] org.apache.coyote.AbstractProtocol.init Initializing ProtocolHandler ["http-nio-8080"]
21-Jul-2023 00:48:36.589 INFO [main] org.apache.catalina.startup.Catalina.load Initialization processed in 785 ms
21-Jul-2023 00:48:36.680 INFO [main] org.apache.catalina.core.StandardService.startInternal Starting service [Catalina]
21-Jul-2023 00:48:36.681 INFO [main] org.apache.catalina.core.StandardEngine.startInternal Starting Servlet engine: [Apache Tomcat/8.5.90]
21-Jul-2023 00:48:36.699 INFO [localhost-startStop-1] org.apache.catalina.startup.HostConfig.deployWAR Deploying web application archive [C:\Users\Elicia\eclipse-workspace\IRSystem\tomcat-8.5\webapps\React.war]
21-Jul-2023 00:48:36.724 INFO [localhost-startStop-1] org.apache.catalina.startup.ExpandWar.expand An expanded directory [C:\Users\Elicia\eclipse-workspace\IRSystem\tomcat-8.5\webapps\React] was found with a last modified time that did not match the associated WAR. It will be deleted.
21-Jul-2023 00:48:37.942 INFO [localhost-startStop-1] org.apache.jasper.servlet.TldScanner.scanJars At least one JAR was scanned for TLDs yet contained no TLDs. Enable debug logging for this logger for a complete list of JARs that were scanned but no TLDs were found in them. Skipping unneeded JARs during scanning can improve startup time and JSP compilation time.
21-Jul-2023 00:48:38.020 INFO [localhost-startStop-1] org.apache.catalina.startup.HostConfig.deployWAR Deployment of web application archive [C:\Users\Elicia\eclipse-workspace\IRSystem\tomcat-8.5\webapps\React.war] has finished in [1,320] ms
21-Jul-2023 00:48:38.022 INFO [localhost-startStop-1] org.apache.catalina.startup.HostConfig.deployDirectory Deploying web application directory [C:\Users\Elicia\eclipse-workspace\IRSystem\tomcat-8.5\webapps\docs]
21-Jul-2023 00:48:38.074 INFO [localhost-startStop-1] org.apache.catalina.startup.HostConfig.deployDirectory Deployment of web application directory [C:\Users\Elicia\eclipse-workspace\IRSystem\tomcat-8.5\webapps\docs] has finished in [51] ms
21-Jul-2023 00:48:38.075 INFO [localhost-startStop-1] org.apache.catalina.startup.HostConfig.deployDirectory Deploying web application directory [C:\Users\Elicia\eclipse-workspace\IRSystem\tomcat-8.5\webapps\examples]
21-Jul-2023 00:48:38.556 INFO [localhost-startStop-1] org.apache.catalina.startup.HostConfig.deployDirectory Deployment of web application directory [C:\Users\Elicia\eclipse-workspace\IRSystem\tomcat-8.5\webapps\examples] has finished in [481] ms
21-Jul-2023 00:48:38.556 INFO [localhost-startStop-1] org.apache.catalina.startup.HostConfig.deployDirectory Deploying web application directory [C:\Users\Elicia\eclipse-workspace\IRSystem\tomcat-8.5\webapps\host-manager]
21-Jul-2023 00:48:38.607 INFO [localhost-startStop-1] org.apache.catalina.startup.HostConfig.deployDirectory Deployment of web application directory [C:\Users\Elicia\eclipse-workspace\IRSystem\tomcat-8.5\webapps\host-manager] has finished in [50] ms
21-Jul-2023 00:48:38.607 INFO [localhost-startStop-1] org.apache.catalina.startup.HostConfig.deployDirectory Deploying web application directory [C:\Users\Elicia\eclipse-workspace\IRSystem\tomcat-8.5\webapps\manager]
21-Jul-2023 00:48:38.692 INFO [localhost-startStop-1] org.apache.catalina.startup.HostConfig.deployDirectory Deployment of web application directory [C:\Users\Elicia\eclipse-workspace\IRSystem\tomcat-8.5\webapps\manager] has finished in [85] ms
21-Jul-2023 00:48:38.698 INFO [localhost-startStop-1] org.apache.catalina.startup.HostConfig.deployDirectory Deploying web application directory [C:\Users\Elicia\eclipse-workspace\IRSystem\tomcat-8.5\webapps\ROOT]
21-Jul-2023 00:48:38.731 INFO [localhost-startStop-1] org.apache.catalina.startup.HostConfig.deployDirectory Deployment of web application directory [C:\Users\Elicia\eclipse-workspace\IRSystem\tomcat-8.5\webapps\ROOT] has finished in [32] ms
21-Jul-2023 00:48:38.733 INFO [main] org.apache.coyote.AbstractProtocol.start Starting ProtocolHandler ["http-nio-8080"]
21-Jul-2023 00:48:38.783 INFO [main] org.apache.catalina.startup.Catalina.start Server startup in 2183 ms
21-Jul-2023 00:48:43.982 INFO [http-nio-8080-exec-1] org.apache.lucene.store.MemorySegmentIndexInputProvider.<init> Using MemorySegmentIndexInput with Java 20; to disable start with -Dorg.apache.lucene.store.MMapDirectory.enableMemorySegments=false
21-Jul-2023 00:49:48.842 INFO [ContainerBackgroundProcessor[StandardEngine[Catalina]]] org.apache.catalina.startup.HostConfig.undeploy Undeploying context [/React]
21-Jul-2023 00:49:48.914 INFO [localhost-startStop-2] org.apache.catalina.startup.HostConfig.deployWAR Deploying web application archive [C:\Users\Elicia\eclipse-workspace\IRSystem\tomcat-8.5\webapps\React.war]
21-Jul-2023 00:49:50.848 INFO [localhost-startStop-2] org.apache.jasper.servlet.TldScanner.scanJars At least one JAR was scanned for TLDs yet contained no TLDs. Enable debug logging for this logger for a complete list of JARs that were scanned but no TLDs were found in them. Skipping unneeded JARs during scanning can improve startup time and JSP compilation time.
21-Jul-2023 00:49:50.987 INFO [localhost-startStop-2] org.apache.catalina.startup.HostConfig.deployWAR Deployment of web application archive [C:\Users\Elicia\eclipse-workspace\IRSystem\tomcat-8.5\webapps\React.war] has finished in [2,070] ms
21-Jul-2023 00:49:58.688 INFO [http-nio-8080-exec-2] org.apache.lucene.store.MemorySegmentIndexInputProvider.<init> Using MemorySegmentIndexInput with Java 20; to disable start with -Dorg.apache.lucene.store.MMapDirectory.enableMemorySegments=false
21-Jul-2023 00:51:01.145 INFO [ContainerBackgroundProcessor[StandardEngine[Catalina]]] org.apache.catalina.startup.HostConfig.undeploy Undeploying context [/React]
21-Jul-2023 00:51:01.167 INFO [localhost-startStop-3] org.apache.catalina.startup.HostConfig.deployWAR Deploying web application archive [C:\Users\Elicia\eclipse-workspace\IRSystem\tomcat-8.5\webapps\React.war]
21-Jul-2023 00:51:02.777 INFO [localhost-startStop-3] org.apache.jasper.servlet.TldScanner.scanJars At least one JAR was scanned for TLDs yet contained no TLDs. Enable debug logging for this logger for a complete list of JARs that were scanned but no TLDs were found in them. Skipping unneeded JARs during scanning can improve startup time and JSP compilation time.
21-Jul-2023 00:51:02.787 INFO [localhost-startStop-3] org.apache.catalina.startup.HostConfig.deployWAR Deployment of web application archive [C:\Users\Elicia\eclipse-workspace\IRSystem\tomcat-8.5\webapps\React.war] has finished in [1,619] ms
21-Jul-2023 00:51:27.315 INFO [http-nio-8080-exec-1] org.apache.lucene.store.MemorySegmentIndexInputProvider.<init> Using MemorySegmentIndexInput with Java 20; to disable start with -Dorg.apache.lucene.store.MMapDirectory.enableMemorySegments=false
21-Jul-2023 00:52:22.920 INFO [ContainerBackgroundProcessor[StandardEngine[Catalina]]] org.apache.catalina.startup.HostConfig.undeploy Undeploying context [/React]
21-Jul-2023 00:52:22.966 INFO [localhost-startStop-4] org.apache.catalina.startup.HostConfig.deployWAR Deploying web application archive [C:\Users\Elicia\eclipse-workspace\IRSystem\tomcat-8.5\webapps\React.war]
21-Jul-2023 00:52:24.476 INFO [localhost-startStop-4] org.apache.jasper.servlet.TldScanner.scanJars At least one JAR was scanned for TLDs yet contained no TLDs. Enable debug logging for this logger for a complete list of JARs that were scanned but no TLDs were found in them. Skipping unneeded JARs during scanning can improve startup time and JSP compilation time.
21-Jul-2023 00:52:24.484 INFO [localhost-startStop-4] org.apache.catalina.startup.HostConfig.deployWAR Deployment of web application archive [C:\Users\Elicia\eclipse-workspace\IRSystem\tomcat-8.5\webapps\React.war] has finished in [1,518] ms
21-Jul-2023 00:52:33.938 INFO [http-nio-8080-exec-9] org.apache.lucene.store.MemorySegmentIndexInputProvider.<init> Using MemorySegmentIndexInput with Java 20; to disable start with -Dorg.apache.lucene.store.MMapDirectory.enableMemorySegments=false
21-Jul-2023 00:55:24.777 INFO [ContainerBackgroundProcessor[StandardEngine[Catalina]]] org.apache.catalina.startup.HostConfig.undeploy Undeploying context [/React]
21-Jul-2023 00:55:24.815 INFO [localhost-startStop-5] org.apache.catalina.startup.HostConfig.deployWAR Deploying web application archive [C:\Users\Elicia\eclipse-workspace\IRSystem\tomcat-8.5\webapps\React.war]
21-Jul-2023 00:55:26.177 INFO [localhost-startStop-5] org.apache.jasper.servlet.TldScanner.scanJars At least one JAR was scanned for TLDs yet contained no TLDs. Enable debug logging for this logger for a complete list of JARs that were scanned but no TLDs were found in them. Skipping unneeded JARs during scanning can improve startup time and JSP compilation time.
21-Jul-2023 00:55:26.185 INFO [localhost-startStop-5] org.apache.catalina.startup.HostConfig.deployWAR Deployment of web application archive [C:\Users\Elicia\eclipse-workspace\IRSystem\tomcat-8.5\webapps\React.war] has finished in [1,370] ms
21-Jul-2023 00:56:29.286 INFO [http-nio-8080-exec-22] org.apache.lucene.store.MemorySegmentIndexInputProvider.<init> Using MemorySegmentIndexInput with Java 20; to disable start with -Dorg.apache.lucene.store.MMapDirectory.enableMemorySegments=false
21-Jul-2023 01:03:07.052 INFO [ContainerBackgroundProcessor[StandardEngine[Catalina]]] org.apache.catalina.startup.HostConfig.undeploy Undeploying context [/React]
21-Jul-2023 01:03:07.096 INFO [localhost-startStop-6] org.apache.catalina.startup.HostConfig.deployWAR Deploying web application archive [C:\Users\Elicia\eclipse-workspace\IRSystem\tomcat-8.5\webapps\React.war]
21-Jul-2023 01:03:08.365 INFO [localhost-startStop-6] org.apache.jasper.servlet.TldScanner.scanJars At least one JAR was scanned for TLDs yet contained no TLDs. Enable debug logging for this logger for a complete list of JARs that were scanned but no TLDs were found in them. Skipping unneeded JARs during scanning can improve startup time and JSP compilation time.
21-Jul-2023 01:03:08.374 INFO [localhost-startStop-6] org.apache.catalina.startup.HostConfig.deployWAR Deployment of web application archive [C:\Users\Elicia\eclipse-workspace\IRSystem\tomcat-8.5\webapps\React.war] has finished in [1,278] ms
21-Jul-2023 01:03:09.775 INFO [http-nio-8080-exec-31] org.apache.lucene.store.MemorySegmentIndexInputProvider.<init> Using MemorySegmentIndexInput with Java 20; to disable start with -Dorg.apache.lucene.store.MMapDirectory.enableMemorySegments=false
21-Jul-2023 01:10:49.287 INFO [ContainerBackgroundProcessor[StandardEngine[Catalina]]] org.apache.catalina.startup.HostConfig.undeploy Undeploying context [/React]
21-Jul-2023 01:10:49.314 INFO [localhost-startStop-7] org.apache.catalina.startup.HostConfig.deployWAR Deploying web application archive [C:\Users\Elicia\eclipse-workspace\IRSystem\tomcat-8.5\webapps\React.war]
21-Jul-2023 01:10:50.241 INFO [localhost-startStop-7] org.apache.jasper.servlet.TldScanner.scanJars At least one JAR was scanned for TLDs yet contained no TLDs. Enable debug logging for this logger for a complete list of JARs that were scanned but no TLDs were found in them. Skipping unneeded JARs during scanning can improve startup time and JSP compilation time.
21-Jul-2023 01:10:50.252 INFO [localhost-startStop-7] org.apache.catalina.startup.HostConfig.deployWAR Deployment of web application archive [C:\Users\Elicia\eclipse-workspace\IRSystem\tomcat-8.5\webapps\React.war] has finished in [937] ms
21-Jul-2023 01:10:52.754 INFO [http-nio-8080-exec-36] org.apache.tomcat.util.http.Parameters.processParameters Invalid chunk starting at byte [0] and ending at byte [9] with a value of [=internet] ignored
 Note: further occurrences of Parameter errors will be logged at DEBUG level.
21-Jul-2023 01:10:52.863 INFO [http-nio-8080-exec-36] org.apache.lucene.store.MemorySegmentIndexInputProvider.<init> Using MemorySegmentIndexInput with Java 20; to disable start with -Dorg.apache.lucene.store.MMapDirectory.enableMemorySegments=false
21-Jul-2023 01:14:10.527 INFO [ContainerBackgroundProcessor[StandardEngine[Catalina]]] org.apache.catalina.startup.HostConfig.undeploy Undeploying context [/React]
21-Jul-2023 01:14:10.575 INFO [localhost-startStop-8] org.apache.catalina.startup.HostConfig.deployWAR Deploying web application archive [C:\Users\Elicia\eclipse-workspace\IRSystem\tomcat-8.5\webapps\React.war]
21-Jul-2023 01:14:11.697 INFO [localhost-startStop-8] org.apache.jasper.servlet.TldScanner.scanJars At least one JAR was scanned for TLDs yet contained no TLDs. Enable debug logging for this logger for a complete list of JARs that were scanned but no TLDs were found in them. Skipping unneeded JARs during scanning can improve startup time and JSP compilation time.
21-Jul-2023 01:14:11.703 INFO [localhost-startStop-8] org.apache.catalina.startup.HostConfig.deployWAR Deployment of web application archive [C:\Users\Elicia\eclipse-workspace\IRSystem\tomcat-8.5\webapps\React.war] has finished in [1,128] ms
21-Jul-2023 01:14:12.376 INFO [http-nio-8080-exec-47] org.apache.lucene.store.MemorySegmentIndexInputProvider.<init> Using MemorySegmentIndexInput with Java 20; to disable start with -Dorg.apache.lucene.store.MMapDirectory.enableMemorySegments=false
21-Jul-2023 01:16:41.891 INFO [ContainerBackgroundProcessor[StandardEngine[Catalina]]] org.apache.catalina.startup.HostConfig.undeploy Undeploying context [/React]
21-Jul-2023 01:16:41.947 INFO [localhost-startStop-9] org.apache.catalina.startup.HostConfig.deployWAR Deploying web application archive [C:\Users\Elicia\eclipse-workspace\IRSystem\tomcat-8.5\webapps\React.war]
21-Jul-2023 01:16:42.941 INFO [localhost-startStop-9] org.apache.jasper.servlet.TldScanner.scanJars At least one JAR was scanned for TLDs yet contained no TLDs. Enable debug logging for this logger for a complete list of JARs that were scanned but no TLDs were found in them. Skipping unneeded JARs during scanning can improve startup time and JSP compilation time.
21-Jul-2023 01:16:42.947 INFO [localhost-startStop-9] org.apache.catalina.startup.HostConfig.deployWAR Deployment of web application archive [C:\Users\Elicia\eclipse-workspace\IRSystem\tomcat-8.5\webapps\React.war] has finished in [1,000] ms
21-Jul-2023 01:16:44.007 INFO [http-nio-8080-exec-58] org.apache.lucene.store.MemorySegmentIndexInputProvider.<init> Using MemorySegmentIndexInput with Java 20; to disable start with -Dorg.apache.lucene.store.MMapDirectory.enableMemorySegments=false
21-Jul-2023 01:30:44.067 INFO [ContainerBackgroundProcessor[StandardEngine[Catalina]]] org.apache.catalina.startup.HostConfig.undeploy Undeploying context [/React]
21-Jul-2023 01:30:44.114 INFO [localhost-startStop-10] org.apache.catalina.startup.HostConfig.deployWAR Deploying web application archive [C:\Users\Elicia\eclipse-workspace\IRSystem\tomcat-8.5\webapps\React.war]
21-Jul-2023 01:30:44.872 INFO [localhost-startStop-10] org.apache.jasper.servlet.TldScanner.scanJars At least one JAR was scanned for TLDs yet contained no TLDs. Enable debug logging for this logger for a complete list of JARs that were scanned but no TLDs were found in them. Skipping unneeded JARs during scanning can improve startup time and JSP compilation time.
21-Jul-2023 01:30:44.880 INFO [localhost-startStop-10] org.apache.catalina.startup.HostConfig.deployWAR Deployment of web application archive [C:\Users\Elicia\eclipse-workspace\IRSystem\tomcat-8.5\webapps\React.war] has finished in [765] ms
21-Jul-2023 01:30:45.641 INFO [http-nio-8080-exec-66] org.apache.lucene.store.MemorySegmentIndexInputProvider.<init> Using MemorySegmentIndexInput with Java 20; to disable start with -Dorg.apache.lucene.store.MMapDirectory.enableMemorySegments=false
21-Jul-2023 01:34:15.178 INFO [ContainerBackgroundProcessor[StandardEngine[Catalina]]] org.apache.catalina.startup.HostConfig.undeploy Undeploying context [/React]
21-Jul-2023 01:34:15.227 INFO [localhost-startStop-11] org.apache.catalina.startup.HostConfig.deployWAR Deploying web application archive [C:\Users\Elicia\eclipse-workspace\IRSystem\tomcat-8.5\webapps\React.war]
21-Jul-2023 01:34:16.653 INFO [localhost-startStop-11] org.apache.jasper.servlet.TldScanner.scanJars At least one JAR was scanned for TLDs yet contained no TLDs. Enable debug logging for this logger for a complete list of JARs that were scanned but no TLDs were found in them. Skipping unneeded JARs during scanning can improve startup time and JSP compilation time.
21-Jul-2023 01:34:16.658 INFO [localhost-startStop-11] org.apache.catalina.startup.HostConfig.deployWAR Deployment of web application archive [C:\Users\Elicia\eclipse-workspace\IRSystem\tomcat-8.5\webapps\React.war] has finished in [1,431] ms
21-Jul-2023 01:34:19.227 INFO [http-nio-8080-exec-75] org.apache.lucene.store.MemorySegmentIndexInputProvider.<init> Using MemorySegmentIndexInput with Java 20; to disable start with -Dorg.apache.lucene.store.MMapDirectory.enableMemorySegments=false
21-Jul-2023 02:22:50.542 INFO [ContainerBackgroundProcessor[StandardEngine[Catalina]]] org.apache.catalina.startup.HostConfig.undeploy Undeploying context [/React]
21-Jul-2023 02:22:50.610 INFO [localhost-startStop-12] org.apache.catalina.startup.HostConfig.deployWAR Deploying web application archive [C:\Users\Elicia\eclipse-workspace\IRSystem\tomcat-8.5\webapps\React.war]
21-Jul-2023 02:22:52.640 INFO [localhost-startStop-12] org.apache.jasper.servlet.TldScanner.scanJars At least one JAR was scanned for TLDs yet contained no TLDs. Enable debug logging for this logger for a complete list of JARs that were scanned but no TLDs were found in them. Skipping unneeded JARs during scanning can improve startup time and JSP compilation time.
21-Jul-2023 02:22:52.646 INFO [localhost-startStop-12] org.apache.catalina.startup.HostConfig.deployWAR Deployment of web application archive [C:\Users\Elicia\eclipse-workspace\IRSystem\tomcat-8.5\webapps\React.war] has finished in [2,036] ms
21-Jul-2023 02:22:54.582 INFO [http-nio-8080-exec-83] org.apache.lucene.store.MemorySegmentIndexInputProvider.<init> Using MemorySegmentIndexInput with Java 20; to disable start with -Dorg.apache.lucene.store.MMapDirectory.enableMemorySegments=false
21-Jul-2023 02:23:52.781 INFO [ContainerBackgroundProcessor[StandardEngine[Catalina]]] org.apache.catalina.startup.HostConfig.undeploy Undeploying context [/React]
21-Jul-2023 02:23:52.911 INFO [localhost-startStop-13] org.apache.catalina.startup.HostConfig.deployWAR Deploying web application archive [C:\Users\Elicia\eclipse-workspace\IRSystem\tomcat-8.5\webapps\React.war]
21-Jul-2023 02:23:54.573 INFO [localhost-startStop-13] org.apache.jasper.servlet.TldScanner.scanJars At least one JAR was scanned for TLDs yet contained no TLDs. Enable debug logging for this logger for a complete list of JARs that were scanned but no TLDs were found in them. Skipping unneeded JARs during scanning can improve startup time and JSP compilation time.
21-Jul-2023 02:23:54.582 INFO [localhost-startStop-13] org.apache.catalina.startup.HostConfig.deployWAR Deployment of web application archive [C:\Users\Elicia\eclipse-workspace\IRSystem\tomcat-8.5\webapps\React.war] has finished in [1,670] ms
21-Jul-2023 02:23:58.725 INFO [http-nio-8080-exec-89] org.apache.lucene.store.MemorySegmentIndexInputProvider.<init> Using MemorySegmentIndexInput with Java 20; to disable start with -Dorg.apache.lucene.store.MMapDirectory.enableMemorySegments=false
21-Jul-2023 02:30:55.160 INFO [ContainerBackgroundProcessor[StandardEngine[Catalina]]] org.apache.catalina.startup.HostConfig.undeploy Undeploying context [/React]
21-Jul-2023 02:30:55.218 INFO [localhost-startStop-14] org.apache.catalina.startup.HostConfig.deployWAR Deploying web application archive [C:\Users\Elicia\eclipse-workspace\IRSystem\tomcat-8.5\webapps\React.war]
21-Jul-2023 02:30:56.838 INFO [localhost-startStop-14] org.apache.jasper.servlet.TldScanner.scanJars At least one JAR was scanned for TLDs yet contained no TLDs. Enable debug logging for this logger for a complete list of JARs that were scanned but no TLDs were found in them. Skipping unneeded JARs during scanning can improve startup time and JSP compilation time.
21-Jul-2023 02:30:56.860 INFO [localhost-startStop-14] org.apache.catalina.startup.HostConfig.deployWAR Deployment of web application archive [C:\Users\Elicia\eclipse-workspace\IRSystem\tomcat-8.5\webapps\React.war] has finished in [1,642] ms
21-Jul-2023 02:31:36.916 INFO [ContainerBackgroundProcessor[StandardEngine[Catalina]]] org.apache.catalina.startup.HostConfig.undeploy Undeploying context [/React]
21-Jul-2023 02:31:36.955 INFO [localhost-startStop-15] org.apache.catalina.startup.HostConfig.deployWAR Deploying web application archive [C:\Users\Elicia\eclipse-workspace\IRSystem\tomcat-8.5\webapps\React.war]
21-Jul-2023 02:31:38.306 INFO [localhost-startStop-15] org.apache.jasper.servlet.TldScanner.scanJars At least one JAR was scanned for TLDs yet contained no TLDs. Enable debug logging for this logger for a complete list of JARs that were scanned but no TLDs were found in them. Skipping unneeded JARs during scanning can improve startup time and JSP compilation time.
21-Jul-2023 02:31:38.311 INFO [localhost-startStop-15] org.apache.catalina.startup.HostConfig.deployWAR Deployment of web application archive [C:\Users\Elicia\eclipse-workspace\IRSystem\tomcat-8.5\webapps\React.war] has finished in [1,356] ms
21-Jul-2023 02:31:40.116 INFO [http-nio-8080-exec-101] org.apache.lucene.store.MemorySegmentIndexInputProvider.<init> Using MemorySegmentIndexInput with Java 20; to disable start with -Dorg.apache.lucene.store.MMapDirectory.enableMemorySegments=false
21-Jul-2023 02:41:09.068 INFO [ContainerBackgroundProcessor[StandardEngine[Catalina]]] org.apache.catalina.startup.HostConfig.undeploy Undeploying context [/React]
21-Jul-2023 02:41:09.131 INFO [localhost-startStop-16] org.apache.catalina.startup.HostConfig.deployWAR Deploying web application archive [C:\Users\Elicia\eclipse-workspace\IRSystem\tomcat-8.5\webapps\React.war]
21-Jul-2023 02:41:10.913 INFO [localhost-startStop-16] org.apache.jasper.servlet.TldScanner.scanJars At least one JAR was scanned for TLDs yet contained no TLDs. Enable debug logging for this logger for a complete list of JARs that were scanned but no TLDs were found in them. Skipping unneeded JARs during scanning can improve startup time and JSP compilation time.
21-Jul-2023 02:41:10.922 INFO [localhost-startStop-16] org.apache.catalina.startup.HostConfig.deployWAR Deployment of web application archive [C:\Users\Elicia\eclipse-workspace\IRSystem\tomcat-8.5\webapps\React.war] has finished in [1,791] ms
21-Jul-2023 02:42:21.032 INFO [ContainerBackgroundProcessor[StandardEngine[Catalina]]] org.apache.catalina.startup.HostConfig.undeploy Undeploying context [/React]
21-Jul-2023 02:42:21.095 INFO [localhost-startStop-17] org.apache.catalina.startup.HostConfig.deployWAR Deploying web application archive [C:\Users\Elicia\eclipse-workspace\IRSystem\tomcat-8.5\webapps\React.war]
21-Jul-2023 02:42:22.203 INFO [localhost-startStop-17] org.apache.jasper.servlet.TldScanner.scanJars At least one JAR was scanned for TLDs yet contained no TLDs. Enable debug logging for this logger for a complete list of JARs that were scanned but no TLDs were found in them. Skipping unneeded JARs during scanning can improve startup time and JSP compilation time.
21-Jul-2023 02:42:22.208 INFO [localhost-startStop-17] org.apache.catalina.startup.HostConfig.deployWAR Deployment of web application archive [C:\Users\Elicia\eclipse-workspace\IRSystem\tomcat-8.5\webapps\React.war] has finished in [1,113] ms
21-Jul-2023 02:44:32.365 INFO [ContainerBackgroundProcessor[StandardEngine[Catalina]]] org.apache.catalina.startup.HostConfig.undeploy Undeploying context [/React]
21-Jul-2023 02:44:32.405 INFO [localhost-startStop-18] org.apache.catalina.startup.HostConfig.deployWAR Deploying web application archive [C:\Users\Elicia\eclipse-workspace\IRSystem\tomcat-8.5\webapps\React.war]
21-Jul-2023 02:44:33.755 INFO [localhost-startStop-18] org.apache.jasper.servlet.TldScanner.scanJars At least one JAR was scanned for TLDs yet contained no TLDs. Enable debug logging for this logger for a complete list of JARs that were scanned but no TLDs were found in them. Skipping unneeded JARs during scanning can improve startup time and JSP compilation time.
21-Jul-2023 02:44:33.762 INFO [localhost-startStop-18] org.apache.catalina.startup.HostConfig.deployWAR Deployment of web application archive [C:\Users\Elicia\eclipse-workspace\IRSystem\tomcat-8.5\webapps\React.war] has finished in [1,356] ms
21-Jul-2023 02:48:14.055 INFO [ContainerBackgroundProcessor[StandardEngine[Catalina]]] org.apache.catalina.startup.HostConfig.undeploy Undeploying context [/React]
21-Jul-2023 02:48:14.185 INFO [localhost-startStop-19] org.apache.catalina.startup.HostConfig.deployWAR Deploying web application archive [C:\Users\Elicia\eclipse-workspace\IRSystem\tomcat-8.5\webapps\React.war]
21-Jul-2023 02:48:15.380 INFO [localhost-startStop-19] org.apache.jasper.servlet.TldScanner.scanJars At least one JAR was scanned for TLDs yet contained no TLDs. Enable debug logging for this logger for a complete list of JARs that were scanned but no TLDs were found in them. Skipping unneeded JARs during scanning can improve startup time and JSP compilation time.
21-Jul-2023 02:48:15.385 INFO [localhost-startStop-19] org.apache.catalina.startup.HostConfig.deployWAR Deployment of web application archive [C:\Users\Elicia\eclipse-workspace\IRSystem\tomcat-8.5\webapps\React.war] has finished in [1,199] ms
21-Jul-2023 02:51:35.661 INFO [ContainerBackgroundProcessor[StandardEngine[Catalina]]] org.apache.catalina.startup.HostConfig.undeploy Undeploying context [/React]
21-Jul-2023 02:51:35.720 INFO [localhost-startStop-20] org.apache.catalina.startup.HostConfig.deployWAR Deploying web application archive [C:\Users\Elicia\eclipse-workspace\IRSystem\tomcat-8.5\webapps\React.war]
21-Jul-2023 02:51:36.801 INFO [localhost-startStop-20] org.apache.jasper.servlet.TldScanner.scanJars At least one JAR was scanned for TLDs yet contained no TLDs. Enable debug logging for this logger for a complete list of JARs that were scanned but no TLDs were found in them. Skipping unneeded JARs during scanning can improve startup time and JSP compilation time.
21-Jul-2023 02:51:36.810 INFO [localhost-startStop-20] org.apache.catalina.startup.HostConfig.deployWAR Deployment of web application archive [C:\Users\Elicia\eclipse-workspace\IRSystem\tomcat-8.5\webapps\React.war] has finished in [1,090] ms
21-Jul-2023 03:05:57.850 INFO [ContainerBackgroundProcessor[StandardEngine[Catalina]]] org.apache.catalina.startup.HostConfig.undeploy Undeploying context [/React]
21-Jul-2023 03:05:58.040 INFO [localhost-startStop-21] org.apache.catalina.startup.HostConfig.deployWAR Deploying web application archive [C:\Users\Elicia\eclipse-workspace\IRSystem\tomcat-8.5\webapps\React.war]
21-Jul-2023 03:05:59.828 INFO [localhost-startStop-21] org.apache.jasper.servlet.TldScanner.scanJars At least one JAR was scanned for TLDs yet contained no TLDs. Enable debug logging for this logger for a complete list of JARs that were scanned but no TLDs were found in them. Skipping unneeded JARs during scanning can improve startup time and JSP compilation time.
21-Jul-2023 03:05:59.845 INFO [localhost-startStop-21] org.apache.catalina.startup.HostConfig.deployWAR Deployment of web application archive [C:\Users\Elicia\eclipse-workspace\IRSystem\tomcat-8.5\webapps\React.war] has finished in [1,805] ms
21-Jul-2023 03:27:02.642 INFO [ContainerBackgroundProcessor[StandardEngine[Catalina]]] org.apache.catalina.startup.HostConfig.undeploy Undeploying context [/React]
21-Jul-2023 03:27:02.990 INFO [localhost-startStop-22] org.apache.catalina.startup.HostConfig.deployWAR Deploying web application archive [C:\Users\Elicia\eclipse-workspace\IRSystem\tomcat-8.5\webapps\React.war]
21-Jul-2023 03:27:05.249 INFO [localhost-startStop-22] org.apache.jasper.servlet.TldScanner.scanJars At least one JAR was scanned for TLDs yet contained no TLDs. Enable debug logging for this logger for a complete list of JARs that were scanned but no TLDs were found in them. Skipping unneeded JARs during scanning can improve startup time and JSP compilation time.
21-Jul-2023 03:27:05.258 INFO [localhost-startStop-22] org.apache.catalina.startup.HostConfig.deployWAR Deployment of web application archive [C:\Users\Elicia\eclipse-workspace\IRSystem\tomcat-8.5\webapps\React.war] has finished in [2,267] ms
21-Jul-2023 03:27:11.433 INFO [http-nio-8080-exec-139] org.apache.lucene.store.MemorySegmentIndexInputProvider.<init> Using MemorySegmentIndexInput with Java 20; to disable start with -Dorg.apache.lucene.store.MMapDirectory.enableMemorySegments=false
21-Jul-2023 03:29:35.482 INFO [ContainerBackgroundProcessor[StandardEngine[Catalina]]] org.apache.catalina.startup.HostConfig.undeploy Undeploying context [/React]
21-Jul-2023 03:29:35.523 INFO [localhost-startStop-23] org.apache.catalina.startup.HostConfig.deployWAR Deploying web application archive [C:\Users\Elicia\eclipse-workspace\IRSystem\tomcat-8.5\webapps\React.war]
21-Jul-2023 03:29:37.299 INFO [localhost-startStop-23] org.apache.jasper.servlet.TldScanner.scanJars At least one JAR was scanned for TLDs yet contained no TLDs. Enable debug logging for this logger for a complete list of JARs that were scanned but no TLDs were found in them. Skipping unneeded JARs during scanning can improve startup time and JSP compilation time.
21-Jul-2023 03:29:37.309 INFO [localhost-startStop-23] org.apache.catalina.startup.HostConfig.deployWAR Deployment of web application archive [C:\Users\Elicia\eclipse-workspace\IRSystem\tomcat-8.5\webapps\React.war] has finished in [1,784] ms
21-Jul-2023 03:29:43.534 INFO [http-nio-8080-exec-141] org.apache.lucene.store.MemorySegmentIndexInputProvider.<init> Using MemorySegmentIndexInput with Java 20; to disable start with -Dorg.apache.lucene.store.MMapDirectory.enableMemorySegments=false
21-Jul-2023 04:14:01.435 INFO [ContainerBackgroundProcessor[StandardEngine[Catalina]]] org.apache.catalina.startup.HostConfig.undeploy Undeploying context [/React]
21-Jul-2023 04:14:01.534 INFO [localhost-startStop-24] org.apache.catalina.startup.HostConfig.deployWAR Deploying web application archive [C:\Users\Elicia\eclipse-workspace\IRSystem\tomcat-8.5\webapps\React.war]
21-Jul-2023 04:14:02.879 INFO [localhost-startStop-24] org.apache.jasper.servlet.TldScanner.scanJars At least one JAR was scanned for TLDs yet contained no TLDs. Enable debug logging for this logger for a complete list of JARs that were scanned but no TLDs were found in them. Skipping unneeded JARs during scanning can improve startup time and JSP compilation time.
21-Jul-2023 04:14:02.886 INFO [localhost-startStop-24] org.apache.catalina.startup.HostConfig.deployWAR Deployment of web application archive [C:\Users\Elicia\eclipse-workspace\IRSystem\tomcat-8.5\webapps\React.war] has finished in [1,351] ms
21-Jul-2023 04:14:05.035 INFO [http-nio-8080-exec-159] org.apache.lucene.store.MemorySegmentIndexInputProvider.<init> Using MemorySegmentIndexInput with Java 20; to disable start with -Dorg.apache.lucene.store.MMapDirectory.enableMemorySegments=false
21-Jul-2023 04:14:53.001 INFO [ContainerBackgroundProcessor[StandardEngine[Catalina]]] org.apache.catalina.startup.HostConfig.undeploy Undeploying context [/React]
21-Jul-2023 04:14:53.040 INFO [localhost-startStop-25] org.apache.catalina.startup.HostConfig.deployWAR Deploying web application archive [C:\Users\Elicia\eclipse-workspace\IRSystem\tomcat-8.5\webapps\React.war]
21-Jul-2023 04:14:54.622 INFO [localhost-startStop-25] org.apache.jasper.servlet.TldScanner.scanJars At least one JAR was scanned for TLDs yet contained no TLDs. Enable debug logging for this logger for a complete list of JARs that were scanned but no TLDs were found in them. Skipping unneeded JARs during scanning can improve startup time and JSP compilation time.
21-Jul-2023 04:14:54.631 INFO [localhost-startStop-25] org.apache.catalina.startup.HostConfig.deployWAR Deployment of web application archive [C:\Users\Elicia\eclipse-workspace\IRSystem\tomcat-8.5\webapps\React.war] has finished in [1,592] ms
21-Jul-2023 04:15:34.572 INFO [http-nio-8080-exec-164] org.apache.lucene.store.MemorySegmentIndexInputProvider.<init> Using MemorySegmentIndexInput with Java 20; to disable start with -Dorg.apache.lucene.store.MMapDirectory.enableMemorySegments=false
21-Jul-2023 04:15:34.692 INFO [ContainerBackgroundProcessor[StandardEngine[Catalina]]] org.apache.catalina.startup.HostConfig.undeploy Undeploying context [/React]
21-Jul-2023 04:15:34.694 INFO [ContainerBackgroundProcessor[StandardEngine[Catalina]]] org.apache.catalina.core.StandardWrapper.unload Waiting for [1] instance(s) to be deallocated for Servlet [team05.Servlet]
21-Jul-2023 04:15:35.816 INFO [ContainerBackgroundProcessor[StandardEngine[Catalina]]] org.apache.catalina.core.StandardWrapper.unload Waiting for [1] instance(s) to be deallocated for Servlet [team05.Servlet]
21-Jul-2023 04:15:36.355 INFO [localhost-startStop-26] org.apache.catalina.startup.HostConfig.deployWAR Deploying web application archive [C:\Users\Elicia\eclipse-workspace\IRSystem\tomcat-8.5\webapps\React.war]
21-Jul-2023 04:15:38.286 INFO [localhost-startStop-26] org.apache.jasper.servlet.TldScanner.scanJars At least one JAR was scanned for TLDs yet contained no TLDs. Enable debug logging for this logger for a complete list of JARs that were scanned but no TLDs were found in them. Skipping unneeded JARs during scanning can improve startup time and JSP compilation time.
21-Jul-2023 04:15:38.294 INFO [localhost-startStop-26] org.apache.catalina.startup.HostConfig.deployWAR Deployment of web application archive [C:\Users\Elicia\eclipse-workspace\IRSystem\tomcat-8.5\webapps\React.war] has finished in [1,938] ms
21-Jul-2023 04:15:39.529 INFO [http-nio-8080-exec-166] org.apache.lucene.store.MemorySegmentIndexInputProvider.<init> Using MemorySegmentIndexInput with Java 20; to disable start with -Dorg.apache.lucene.store.MMapDirectory.enableMemorySegments=false
21-Jul-2023 04:18:28.580 INFO [ContainerBackgroundProcessor[StandardEngine[Catalina]]] org.apache.catalina.startup.HostConfig.undeploy Undeploying context [/React]
21-Jul-2023 04:18:28.704 INFO [localhost-startStop-27] org.apache.catalina.startup.HostConfig.deployWAR Deploying web application archive [C:\Users\Elicia\eclipse-workspace\IRSystem\tomcat-8.5\webapps\React.war]
21-Jul-2023 04:18:30.275 INFO [localhost-startStop-27] org.apache.jasper.servlet.TldScanner.scanJars At least one JAR was scanned for TLDs yet contained no TLDs. Enable debug logging for this logger for a complete list of JARs that were scanned but no TLDs were found in them. Skipping unneeded JARs during scanning can improve startup time and JSP compilation time.
21-Jul-2023 04:18:30.280 INFO [localhost-startStop-27] org.apache.catalina.startup.HostConfig.deployWAR Deployment of web application archive [C:\Users\Elicia\eclipse-workspace\IRSystem\tomcat-8.5\webapps\React.war] has finished in [1,577] ms
21-Jul-2023 04:18:31.474 INFO [http-nio-8080-exec-168] org.apache.lucene.store.MemorySegmentIndexInputProvider.<init> Using MemorySegmentIndexInput with Java 20; to disable start with -Dorg.apache.lucene.store.MMapDirectory.enableMemorySegments=false
21-Jul-2023 04:20:40.437 INFO [ContainerBackgroundProcessor[StandardEngine[Catalina]]] org.apache.catalina.startup.HostConfig.undeploy Undeploying context [/React]
21-Jul-2023 04:20:40.466 INFO [localhost-startStop-28] org.apache.catalina.startup.HostConfig.deployWAR Deploying web application archive [C:\Users\Elicia\eclipse-workspace\IRSystem\tomcat-8.5\webapps\React.war]
21-Jul-2023 04:20:42.108 INFO [localhost-startStop-28] org.apache.jasper.servlet.TldScanner.scanJars At least one JAR was scanned for TLDs yet contained no TLDs. Enable debug logging for this logger for a complete list of JARs that were scanned but no TLDs were found in them. Skipping unneeded JARs during scanning can improve startup time and JSP compilation time.
21-Jul-2023 04:20:42.113 INFO [localhost-startStop-28] org.apache.catalina.startup.HostConfig.deployWAR Deployment of web application archive [C:\Users\Elicia\eclipse-workspace\IRSystem\tomcat-8.5\webapps\React.war] has finished in [1,647] ms
21-Jul-2023 04:20:42.275 INFO [http-nio-8080-exec-184] org.apache.lucene.store.MemorySegmentIndexInputProvider.<init> Using MemorySegmentIndexInput with Java 20; to disable start with -Dorg.apache.lucene.store.MMapDirectory.enableMemorySegments=false
21-Jul-2023 04:24:32.447 INFO [ContainerBackgroundProcessor[StandardEngine[Catalina]]] org.apache.catalina.startup.HostConfig.undeploy Undeploying context [/React]
21-Jul-2023 04:24:32.504 INFO [localhost-startStop-29] org.apache.catalina.startup.HostConfig.deployWAR Deploying web application archive [C:\Users\Elicia\eclipse-workspace\IRSystem\tomcat-8.5\webapps\React.war]
21-Jul-2023 04:24:34.268 INFO [localhost-startStop-29] org.apache.jasper.servlet.TldScanner.scanJars At least one JAR was scanned for TLDs yet contained no TLDs. Enable debug logging for this logger for a complete list of JARs that were scanned but no TLDs were found in them. Skipping unneeded JARs during scanning can improve startup time and JSP compilation time.
21-Jul-2023 04:24:34.275 INFO [localhost-startStop-29] org.apache.catalina.startup.HostConfig.deployWAR Deployment of web application archive [C:\Users\Elicia\eclipse-workspace\IRSystem\tomcat-8.5\webapps\React.war] has finished in [1,771] ms
21-Jul-2023 04:24:37.252 INFO [http-nio-8080-exec-194] org.apache.lucene.store.MemorySegmentIndexInputProvider.<init> Using MemorySegmentIndexInput with Java 20; to disable start with -Dorg.apache.lucene.store.MMapDirectory.enableMemorySegments=false
21-Jul-2023 04:25:14.346 INFO [ContainerBackgroundProcessor[StandardEngine[Catalina]]] org.apache.catalina.startup.HostConfig.undeploy Undeploying context [/React]
21-Jul-2023 04:25:14.398 INFO [localhost-startStop-30] org.apache.catalina.startup.HostConfig.deployWAR Deploying web application archive [C:\Users\Elicia\eclipse-workspace\IRSystem\tomcat-8.5\webapps\React.war]
21-Jul-2023 04:25:16.234 INFO [localhost-startStop-30] org.apache.jasper.servlet.TldScanner.scanJars At least one JAR was scanned for TLDs yet contained no TLDs. Enable debug logging for this logger for a complete list of JARs that were scanned but no TLDs were found in them. Skipping unneeded JARs during scanning can improve startup time and JSP compilation time.
21-Jul-2023 04:25:16.270 INFO [localhost-startStop-30] org.apache.catalina.startup.HostConfig.deployWAR Deployment of web application archive [C:\Users\Elicia\eclipse-workspace\IRSystem\tomcat-8.5\webapps\React.war] has finished in [1,873] ms
21-Jul-2023 04:25:19.260 INFO [http-nio-8080-exec-196] org.apache.lucene.store.MemorySegmentIndexInputProvider.<init> Using MemorySegmentIndexInput with Java 20; to disable start with -Dorg.apache.lucene.store.MMapDirectory.enableMemorySegments=false
21-Jul-2023 04:25:36.303 INFO [ContainerBackgroundProcessor[StandardEngine[Catalina]]] org.apache.catalina.startup.HostConfig.undeploy Undeploying context [/React]
21-Jul-2023 04:25:36.352 INFO [localhost-startStop-31] org.apache.catalina.startup.HostConfig.deployWAR Deploying web application archive [C:\Users\Elicia\eclipse-workspace\IRSystem\tomcat-8.5\webapps\React.war]
21-Jul-2023 04:25:38.202 INFO [localhost-startStop-31] org.apache.jasper.servlet.TldScanner.scanJars At least one JAR was scanned for TLDs yet contained no TLDs. Enable debug logging for this logger for a complete list of JARs that were scanned but no TLDs were found in them. Skipping unneeded JARs during scanning can improve startup time and JSP compilation time.
21-Jul-2023 04:25:38.212 INFO [localhost-startStop-31] org.apache.catalina.startup.HostConfig.deployWAR Deployment of web application archive [C:\Users\Elicia\eclipse-workspace\IRSystem\tomcat-8.5\webapps\React.war] has finished in [1,860] ms
21-Jul-2023 04:25:45.631 INFO [http-nio-8080-exec-191] org.apache.lucene.store.MemorySegmentIndexInputProvider.<init> Using MemorySegmentIndexInput with Java 20; to disable start with -Dorg.apache.lucene.store.MMapDirectory.enableMemorySegments=false
21-Jul-2023 04:26:58.340 INFO [ContainerBackgroundProcessor[StandardEngine[Catalina]]] org.apache.catalina.startup.HostConfig.undeploy Undeploying context [/React]
21-Jul-2023 04:26:58.383 INFO [localhost-startStop-32] org.apache.catalina.startup.HostConfig.deployWAR Deploying web application archive [C:\Users\Elicia\eclipse-workspace\IRSystem\tomcat-8.5\webapps\React.war]
21-Jul-2023 04:27:00.071 INFO [localhost-startStop-32] org.apache.jasper.servlet.TldScanner.scanJars At least one JAR was scanned for TLDs yet contained no TLDs. Enable debug logging for this logger for a complete list of JARs that were scanned but no TLDs were found in them. Skipping unneeded JARs during scanning can improve startup time and JSP compilation time.
21-Jul-2023 04:27:00.080 INFO [localhost-startStop-32] org.apache.catalina.startup.HostConfig.deployWAR Deployment of web application archive [C:\Users\Elicia\eclipse-workspace\IRSystem\tomcat-8.5\webapps\React.war] has finished in [1,698] ms
21-Jul-2023 04:27:20.114 INFO [ContainerBackgroundProcessor[StandardEngine[Catalina]]] org.apache.catalina.startup.HostConfig.undeploy Undeploying context [/React]
21-Jul-2023 04:27:20.160 INFO [localhost-startStop-33] org.apache.catalina.startup.HostConfig.deployWAR Deploying web application archive [C:\Users\Elicia\eclipse-workspace\IRSystem\tomcat-8.5\webapps\React.war]
21-Jul-2023 04:27:21.367 INFO [localhost-startStop-33] org.apache.jasper.servlet.TldScanner.scanJars At least one JAR was scanned for TLDs yet contained no TLDs. Enable debug logging for this logger for a complete list of JARs that were scanned but no TLDs were found in them. Skipping unneeded JARs during scanning can improve startup time and JSP compilation time.
21-Jul-2023 04:27:21.373 INFO [localhost-startStop-33] org.apache.catalina.startup.HostConfig.deployWAR Deployment of web application archive [C:\Users\Elicia\eclipse-workspace\IRSystem\tomcat-8.5\webapps\React.war] has finished in [1,214] ms
21-Jul-2023 04:27:21.810 INFO [http-nio-8080-exec-200] org.apache.lucene.store.MemorySegmentIndexInputProvider.<init> Using MemorySegmentIndexInput with Java 20; to disable start with -Dorg.apache.lucene.store.MMapDirectory.enableMemorySegments=false
21-Jul-2023 04:31:01.683 INFO [ContainerBackgroundProcessor[StandardEngine[Catalina]]] org.apache.catalina.startup.HostConfig.undeploy Undeploying context [/React]
21-Jul-2023 04:31:01.748 INFO [localhost-startStop-34] org.apache.catalina.startup.HostConfig.deployWAR Deploying web application archive [C:\Users\Elicia\eclipse-workspace\IRSystem\tomcat-8.5\webapps\React.war]
21-Jul-2023 04:31:03.656 INFO [localhost-startStop-34] org.apache.jasper.servlet.TldScanner.scanJars At least one JAR was scanned for TLDs yet contained no TLDs. Enable debug logging for this logger for a complete list of JARs that were scanned but no TLDs were found in them. Skipping unneeded JARs during scanning can improve startup time and JSP compilation time.
21-Jul-2023 04:31:03.665 INFO [localhost-startStop-34] org.apache.catalina.startup.HostConfig.deployWAR Deployment of web application archive [C:\Users\Elicia\eclipse-workspace\IRSystem\tomcat-8.5\webapps\React.war] has finished in [1,917] ms
21-Jul-2023 04:31:09.258 INFO [http-nio-8080-exec-203] org.apache.lucene.store.MemorySegmentIndexInputProvider.<init> Using MemorySegmentIndexInput with Java 20; to disable start with -Dorg.apache.lucene.store.MMapDirectory.enableMemorySegments=false
21-Jul-2023 04:31:43.718 INFO [ContainerBackgroundProcessor[StandardEngine[Catalina]]] org.apache.catalina.startup.HostConfig.undeploy Undeploying context [/React]
21-Jul-2023 04:31:43.825 INFO [localhost-startStop-35] org.apache.catalina.startup.HostConfig.deployWAR Deploying web application archive [C:\Users\Elicia\eclipse-workspace\IRSystem\tomcat-8.5\webapps\React.war]
21-Jul-2023 04:31:45.082 INFO [localhost-startStop-35] org.apache.jasper.servlet.TldScanner.scanJars At least one JAR was scanned for TLDs yet contained no TLDs. Enable debug logging for this logger for a complete list of JARs that were scanned but no TLDs were found in them. Skipping unneeded JARs during scanning can improve startup time and JSP compilation time.
21-Jul-2023 04:31:45.088 INFO [localhost-startStop-35] org.apache.catalina.startup.HostConfig.deployWAR Deployment of web application archive [C:\Users\Elicia\eclipse-workspace\IRSystem\tomcat-8.5\webapps\React.war] has finished in [1,263] ms
21-Jul-2023 04:31:49.581 INFO [http-nio-8080-exec-208] org.apache.lucene.store.MemorySegmentIndexInputProvider.<init> Using MemorySegmentIndexInput with Java 20; to disable start with -Dorg.apache.lucene.store.MMapDirectory.enableMemorySegments=false
21-Jul-2023 04:32:25.138 INFO [ContainerBackgroundProcessor[StandardEngine[Catalina]]] org.apache.catalina.startup.HostConfig.undeploy Undeploying context [/React]
21-Jul-2023 04:32:25.193 INFO [localhost-startStop-36] org.apache.catalina.startup.HostConfig.deployWAR Deploying web application archive [C:\Users\Elicia\eclipse-workspace\IRSystem\tomcat-8.5\webapps\React.war]
21-Jul-2023 04:32:26.979 INFO [localhost-startStop-36] org.apache.jasper.servlet.TldScanner.scanJars At least one JAR was scanned for TLDs yet contained no TLDs. Enable debug logging for this logger for a complete list of JARs that were scanned but no TLDs were found in them. Skipping unneeded JARs during scanning can improve startup time and JSP compilation time.
21-Jul-2023 04:32:27.036 INFO [localhost-startStop-36] org.apache.catalina.startup.HostConfig.deployWAR Deployment of web application archive [C:\Users\Elicia\eclipse-workspace\IRSystem\tomcat-8.5\webapps\React.war] has finished in [1,842] ms
21-Jul-2023 04:32:35.536 INFO [http-nio-8080-exec-210] org.apache.lucene.store.MemorySegmentIndexInputProvider.<init> Using MemorySegmentIndexInput with Java 20; to disable start with -Dorg.apache.lucene.store.MMapDirectory.enableMemorySegments=false
21-Jul-2023 04:34:07.198 INFO [ContainerBackgroundProcessor[StandardEngine[Catalina]]] org.apache.catalina.startup.HostConfig.undeploy Undeploying context [/React]
21-Jul-2023 04:34:07.257 INFO [localhost-startStop-37] org.apache.catalina.startup.HostConfig.deployWAR Deploying web application archive [C:\Users\Elicia\eclipse-workspace\IRSystem\tomcat-8.5\webapps\React.war]
21-Jul-2023 04:34:08.607 INFO [localhost-startStop-37] org.apache.jasper.servlet.TldScanner.scanJars At least one JAR was scanned for TLDs yet contained no TLDs. Enable debug logging for this logger for a complete list of JARs that were scanned but no TLDs were found in them. Skipping unneeded JARs during scanning can improve startup time and JSP compilation time.
21-Jul-2023 04:34:08.612 INFO [localhost-startStop-37] org.apache.catalina.startup.HostConfig.deployWAR Deployment of web application archive [C:\Users\Elicia\eclipse-workspace\IRSystem\tomcat-8.5\webapps\React.war] has finished in [1,354] ms
21-Jul-2023 04:34:58.728 INFO [ContainerBackgroundProcessor[StandardEngine[Catalina]]] org.apache.catalina.startup.HostConfig.undeploy Undeploying context [/React]
21-Jul-2023 04:34:58.759 INFO [localhost-startStop-38] org.apache.catalina.startup.HostConfig.deployWAR Deploying web application archive [C:\Users\Elicia\eclipse-workspace\IRSystem\tomcat-8.5\webapps\React.war]
21-Jul-2023 04:35:00.242 INFO [localhost-startStop-38] org.apache.jasper.servlet.TldScanner.scanJars At least one JAR was scanned for TLDs yet contained no TLDs. Enable debug logging for this logger for a complete list of JARs that were scanned but no TLDs were found in them. Skipping unneeded JARs during scanning can improve startup time and JSP compilation time.
21-Jul-2023 04:35:00.263 INFO [localhost-startStop-38] org.apache.catalina.startup.HostConfig.deployWAR Deployment of web application archive [C:\Users\Elicia\eclipse-workspace\IRSystem\tomcat-8.5\webapps\React.war] has finished in [1,504] ms
21-Jul-2023 04:35:07.923 INFO [http-nio-8080-exec-227] org.apache.lucene.store.MemorySegmentIndexInputProvider.<init> Using MemorySegmentIndexInput with Java 20; to disable start with -Dorg.apache.lucene.store.MMapDirectory.enableMemorySegments=false
21-Jul-2023 06:08:08.218 INFO [ContainerBackgroundProcessor[StandardEngine[Catalina]]] org.apache.catalina.startup.HostConfig.undeploy Undeploying context [/React]
21-Jul-2023 06:08:08.371 INFO [localhost-startStop-39] org.apache.catalina.startup.HostConfig.deployWAR Deploying web application archive [C:\Users\Elicia\eclipse-workspace\IRSystem\tomcat-8.5\webapps\React.war]
21-Jul-2023 06:08:10.191 INFO [localhost-startStop-39] org.apache.jasper.servlet.TldScanner.scanJars At least one JAR was scanned for TLDs yet contained no TLDs. Enable debug logging for this logger for a complete list of JARs that were scanned but no TLDs were found in them. Skipping unneeded JARs during scanning can improve startup time and JSP compilation time.
21-Jul-2023 06:08:10.204 INFO [localhost-startStop-39] org.apache.catalina.startup.HostConfig.deployWAR Deployment of web application archive [C:\Users\Elicia\eclipse-workspace\IRSystem\tomcat-8.5\webapps\React.war] has finished in [1,829] ms
21-Jul-2023 06:26:21.837 INFO [ContainerBackgroundProcessor[StandardEngine[Catalina]]] org.apache.catalina.startup.HostConfig.undeploy Undeploying context [/React]
21-Jul-2023 06:26:21.883 INFO [localhost-startStop-40] org.apache.catalina.startup.HostConfig.deployWAR Deploying web application archive [C:\Users\Elicia\eclipse-workspace\IRSystem\tomcat-8.5\webapps\React.war]
21-Jul-2023 06:26:23.102 INFO [localhost-startStop-40] org.apache.jasper.servlet.TldScanner.scanJars At least one JAR was scanned for TLDs yet contained no TLDs. Enable debug logging for this logger for a complete list of JARs that were scanned but no TLDs were found in them. Skipping unneeded JARs during scanning can improve startup time and JSP compilation time.
21-Jul-2023 06:26:23.106 INFO [localhost-startStop-40] org.apache.catalina.startup.HostConfig.deployWAR Deployment of web application archive [C:\Users\Elicia\eclipse-workspace\IRSystem\tomcat-8.5\webapps\React.war] has finished in [1,223] ms
21-Jul-2023 06:29:43.399 INFO [ContainerBackgroundProcessor[StandardEngine[Catalina]]] org.apache.catalina.startup.HostConfig.undeploy Undeploying context [/React]
21-Jul-2023 06:29:43.447 INFO [localhost-startStop-41] org.apache.catalina.startup.HostConfig.deployWAR Deploying web application archive [C:\Users\Elicia\eclipse-workspace\IRSystem\tomcat-8.5\webapps\React.war]
21-Jul-2023 06:29:44.553 INFO [localhost-startStop-41] org.apache.jasper.servlet.TldScanner.scanJars At least one JAR was scanned for TLDs yet contained no TLDs. Enable debug logging for this logger for a complete list of JARs that were scanned but no TLDs were found in them. Skipping unneeded JARs during scanning can improve startup time and JSP compilation time.
21-Jul-2023 06:29:44.558 INFO [localhost-startStop-41] org.apache.catalina.startup.HostConfig.deployWAR Deployment of web application archive [C:\Users\Elicia\eclipse-workspace\IRSystem\tomcat-8.5\webapps\React.war] has finished in [1,111] ms
21-Jul-2023 07:40:47.591 SEVERE [main] org.apache.catalina.startup.Catalina.stopServer Could not contact [localhost:8005] (base port [8005] and offset [0]). Tomcat may not be running.
21-Jul-2023 13:49:55.823 INFO [main] org.apache.catalina.startup.VersionLoggerListener.log Server version name:   Apache Tomcat/8.5.90
21-Jul-2023 13:49:55.826 INFO [main] org.apache.catalina.startup.VersionLoggerListener.log Server built:          Jun 2 2023 17:14:04 UTC
21-Jul-2023 13:49:55.827 INFO [main] org.apache.catalina.startup.VersionLoggerListener.log Server version number: 8.5.90.0
21-Jul-2023 13:49:55.827 INFO [main] org.apache.catalina.startup.VersionLoggerListener.log OS Name:               Windows 11
21-Jul-2023 13:49:55.827 INFO [main] org.apache.catalina.startup.VersionLoggerListener.log OS Version:            10.0
21-Jul-2023 13:49:55.827 INFO [main] org.apache.catalina.startup.VersionLoggerListener.log Architecture:          amd64
21-Jul-2023 13:49:55.827 INFO [main] org.apache.catalina.startup.VersionLoggerListener.log Java Home:             C:\Program Files\Java\jdk-20
21-Jul-2023 13:49:55.828 INFO [main] org.apache.catalina.startup.VersionLoggerListener.log JVM Version:           20.0.1+9-29
21-Jul-2023 13:49:55.828 INFO [main] org.apache.catalina.startup.VersionLoggerListener.log JVM Vendor:            Oracle Corporation
21-Jul-2023 13:49:55.828 INFO [main] org.apache.catalina.startup.VersionLoggerListener.log CATALINA_BASE:         C:\Users\Elicia\eclipse-workspace\IRSystem\tomcat-8.5
21-Jul-2023 13:49:55.829 INFO [main] org.apache.catalina.startup.VersionLoggerListener.log CATALINA_HOME:         C:\Users\Elicia\eclipse-workspace\IRSystem\tomcat-8.5
21-Jul-2023 13:49:55.829 INFO [main] org.apache.catalina.startup.VersionLoggerListener.log Command line argument: --add-opens=java.base/java.lang=ALL-UNNAMED
21-Jul-2023 13:49:55.832 INFO [main] org.apache.catalina.startup.VersionLoggerListener.log Command line argument: --add-opens=java.base/java.io=ALL-UNNAMED
21-Jul-2023 13:49:55.833 INFO [main] org.apache.catalina.startup.VersionLoggerListener.log Command line argument: --add-opens=java.base/java.util=ALL-UNNAMED
21-Jul-2023 13:49:55.833 INFO [main] org.apache.catalina.startup.VersionLoggerListener.log Command line argument: --add-opens=java.base/java.util.concurrent=ALL-UNNAMED
21-Jul-2023 13:49:55.834 INFO [main] org.apache.catalina.startup.VersionLoggerListener.log Command line argument: --add-opens=java.rmi/sun.rmi.transport=ALL-UNNAMED
21-Jul-2023 13:49:55.835 INFO [main] org.apache.catalina.startup.VersionLoggerListener.log Command line argument: -Djava.util.logging.config.file=C:\Users\Elicia\eclipse-workspace\IRSystem\tomcat-8.5\conf\logging.properties
21-Jul-2023 13:49:55.836 INFO [main] org.apache.catalina.startup.VersionLoggerListener.log Command line argument: -Djava.util.logging.manager=org.apache.juli.ClassLoaderLogManager
21-Jul-2023 13:49:55.836 INFO [main] org.apache.catalina.startup.VersionLoggerListener.log Command line argument: -Djdk.tls.ephemeralDHKeySize=2048
21-Jul-2023 13:49:55.836 INFO [main] org.apache.catalina.startup.VersionLoggerListener.log Command line argument: -Djava.protocol.handler.pkgs=org.apache.catalina.webresources
21-Jul-2023 13:49:55.837 INFO [main] org.apache.catalina.startup.VersionLoggerListener.log Command line argument: -Dignore.endorsed.dirs=
21-Jul-2023 13:49:55.837 INFO [main] org.apache.catalina.startup.VersionLoggerListener.log Command line argument: -Dcatalina.base=C:\Users\Elicia\eclipse-workspace\IRSystem\tomcat-8.5
21-Jul-2023 13:49:55.837 INFO [main] org.apache.catalina.startup.VersionLoggerListener.log Command line argument: -Dcatalina.home=C:\Users\Elicia\eclipse-workspace\IRSystem\tomcat-8.5
21-Jul-2023 13:49:55.837 INFO [main] org.apache.catalina.startup.VersionLoggerListener.log Command line argument: -Djava.io.tmpdir=C:\Users\Elicia\eclipse-workspace\IRSystem\tomcat-8.5\temp
21-Jul-2023 13:49:55.838 INFO [main] org.apache.catalina.core.AprLifecycleListener.lifecycleEvent The Apache Tomcat Native library which allows using OpenSSL was not found on the java.library.path: [C:\Program Files\Java\jdk-20\bin;C:\WINDOWS\Sun\Java\bin;C:\WINDOWS\system32;C:\WINDOWS;C:\Program Files\Common Files\Oracle\Java\javapath;C:\WINDOWS\system32;C:\WINDOWS;C:\WINDOWS\System32\Wbem;C:\WINDOWS\System32\WindowsPowerShell\v1.0\;C:\WINDOWS\System32\OpenSSH\;C:\Program Files\Git\cmd;C:\Program Files\nodejs\;C:\apache-maven-3.9.3\bin;C:\Users\Elicia\AppData\Local\Microsoft\WindowsApps;C:\Users\Elicia\AppData\Local\Programs\Microsoft VS Code\bin;C:\Users\Elicia\AppData\Local\Programs\Python\Python311;C:\Users\Elicia\AppData\Local\Programs\Python\Python311\Scripts;C:\Program Files\Java\jdk-20;C:\Users\Elicia\AppData\Local\GitHubDesktop\bin;C:\Users\Elicia\AppData\Roaming\npm;C:\apache-maven-3.9.3-bin\apache-maven-3.9.3\bin;;.]
21-Jul-2023 13:49:55.900 INFO [main] org.apache.coyote.AbstractProtocol.init Initializing ProtocolHandler ["http-nio-8080"]
21-Jul-2023 13:49:55.941 INFO [main] org.apache.catalina.startup.Catalina.load Initialization processed in 725 ms
21-Jul-2023 13:49:56.015 INFO [main] org.apache.catalina.core.StandardService.startInternal Starting service [Catalina]
21-Jul-2023 13:49:56.016 INFO [main] org.apache.catalina.core.StandardEngine.startInternal Starting Servlet engine: [Apache Tomcat/8.5.90]
21-Jul-2023 13:49:56.053 INFO [localhost-startStop-1] org.apache.catalina.startup.HostConfig.deployWAR Deploying web application archive [C:\Users\Elicia\eclipse-workspace\IRSystem\tomcat-8.5\webapps\React.war]
21-Jul-2023 13:49:57.648 INFO [localhost-startStop-1] org.apache.jasper.servlet.TldScanner.scanJars At least one JAR was scanned for TLDs yet contained no TLDs. Enable debug logging for this logger for a complete list of JARs that were scanned but no TLDs were found in them. Skipping unneeded JARs during scanning can improve startup time and JSP compilation time.
21-Jul-2023 13:49:57.730 INFO [localhost-startStop-1] org.apache.catalina.startup.HostConfig.deployWAR Deployment of web application archive [C:\Users\Elicia\eclipse-workspace\IRSystem\tomcat-8.5\webapps\React.war] has finished in [1,676] ms
21-Jul-2023 13:49:57.734 INFO [localhost-startStop-1] org.apache.catalina.startup.HostConfig.deployDirectory Deploying web application directory [C:\Users\Elicia\eclipse-workspace\IRSystem\tomcat-8.5\webapps\docs]
21-Jul-2023 13:49:57.770 INFO [localhost-startStop-1] org.apache.catalina.startup.HostConfig.deployDirectory Deployment of web application directory [C:\Users\Elicia\eclipse-workspace\IRSystem\tomcat-8.5\webapps\docs] has finished in [34] ms
21-Jul-2023 13:49:57.771 INFO [localhost-startStop-1] org.apache.catalina.startup.HostConfig.deployDirectory Deploying web application directory [C:\Users\Elicia\eclipse-workspace\IRSystem\tomcat-8.5\webapps\examples]
21-Jul-2023 13:49:58.391 INFO [localhost-startStop-1] org.apache.catalina.startup.HostConfig.deployDirectory Deployment of web application directory [C:\Users\Elicia\eclipse-workspace\IRSystem\tomcat-8.5\webapps\examples] has finished in [620] ms
21-Jul-2023 13:49:58.392 INFO [localhost-startStop-1] org.apache.catalina.startup.HostConfig.deployDirectory Deploying web application directory [C:\Users\Elicia\eclipse-workspace\IRSystem\tomcat-8.5\webapps\host-manager]
21-Jul-2023 13:49:58.457 INFO [localhost-startStop-1] org.apache.catalina.startup.HostConfig.deployDirectory Deployment of web application directory [C:\Users\Elicia\eclipse-workspace\IRSystem\tomcat-8.5\webapps\host-manager] has finished in [64] ms
21-Jul-2023 13:49:58.458 INFO [localhost-startStop-1] org.apache.catalina.startup.HostConfig.deployDirectory Deploying web application directory [C:\Users\Elicia\eclipse-workspace\IRSystem\tomcat-8.5\webapps\manager]
21-Jul-2023 13:49:58.516 INFO [localhost-startStop-1] org.apache.catalina.startup.HostConfig.deployDirectory Deployment of web application directory [C:\Users\Elicia\eclipse-workspace\IRSystem\tomcat-8.5\webapps\manager] has finished in [58] ms
21-Jul-2023 13:49:58.517 INFO [localhost-startStop-1] org.apache.catalina.startup.HostConfig.deployDirectory Deploying web application directory [C:\Users\Elicia\eclipse-workspace\IRSystem\tomcat-8.5\webapps\ROOT]
21-Jul-2023 13:49:58.548 INFO [localhost-startStop-1] org.apache.catalina.startup.HostConfig.deployDirectory Deployment of web application directory [C:\Users\Elicia\eclipse-workspace\IRSystem\tomcat-8.5\webapps\ROOT] has finished in [30] ms
21-Jul-2023 13:49:58.553 INFO [main] org.apache.coyote.AbstractProtocol.start Starting ProtocolHandler ["http-nio-8080"]
21-Jul-2023 13:49:58.614 INFO [main] org.apache.catalina.startup.Catalina.start Server startup in 2670 ms
21-Jul-2023 13:50:34.637 INFO [http-nio-8080-exec-1] org.apache.lucene.store.MemorySegmentIndexInputProvider.<init> Using MemorySegmentIndexInput with Java 20; to disable start with -Dorg.apache.lucene.store.MMapDirectory.enableMemorySegments=false
21-Jul-2023 23:33:59.398 INFO [ContainerBackgroundProcessor[StandardEngine[Catalina]]] org.apache.catalina.startup.HostConfig.undeploy Undeploying context [/React]
21-Jul-2023 23:33:59.672 INFO [localhost-startStop-2] org.apache.catalina.startup.HostConfig.deployWAR Deploying web application archive [C:\Users\Elicia\eclipse-workspace\IRSystem\tomcat-8.5\webapps\React.war]
21-Jul-2023 23:34:01.840 INFO [localhost-startStop-2] org.apache.jasper.servlet.TldScanner.scanJars At least one JAR was scanned for TLDs yet contained no TLDs. Enable debug logging for this logger for a complete list of JARs that were scanned but no TLDs were found in them. Skipping unneeded JARs during scanning can improve startup time and JSP compilation time.
21-Jul-2023 23:34:01.850 INFO [localhost-startStop-2] org.apache.catalina.startup.HostConfig.deployWAR Deployment of web application archive [C:\Users\Elicia\eclipse-workspace\IRSystem\tomcat-8.5\webapps\React.war] has finished in [2,177] ms
21-Jul-2023 23:34:05.061 INFO [http-nio-8080-exec-2] org.apache.lucene.store.MemorySegmentIndexInputProvider.<init> Using MemorySegmentIndexInput with Java 20; to disable start with -Dorg.apache.lucene.store.MMapDirectory.enableMemorySegments=false
21-Jul-2023 23:35:11.952 INFO [ContainerBackgroundProcessor[StandardEngine[Catalina]]] org.apache.catalina.startup.HostConfig.undeploy Undeploying context [/React]
21-Jul-2023 23:35:12.000 INFO [localhost-startStop-3] org.apache.catalina.startup.HostConfig.deployWAR Deploying web application archive [C:\Users\Elicia\eclipse-workspace\IRSystem\tomcat-8.5\webapps\React.war]
21-Jul-2023 23:35:13.445 INFO [localhost-startStop-3] org.apache.jasper.servlet.TldScanner.scanJars At least one JAR was scanned for TLDs yet contained no TLDs. Enable debug logging for this logger for a complete list of JARs that were scanned but no TLDs were found in them. Skipping unneeded JARs during scanning can improve startup time and JSP compilation time.
21-Jul-2023 23:35:13.453 INFO [localhost-startStop-3] org.apache.catalina.startup.HostConfig.deployWAR Deployment of web application archive [C:\Users\Elicia\eclipse-workspace\IRSystem\tomcat-8.5\webapps\React.war] has finished in [1,453] ms
21-Jul-2023 23:35:19.280 INFO [http-nio-8080-exec-1] org.apache.lucene.store.MemorySegmentIndexInputProvider.<init> Using MemorySegmentIndexInput with Java 20; to disable start with -Dorg.apache.lucene.store.MMapDirectory.enableMemorySegments=false
21-Jul-2023 23:44:34.204 INFO [ContainerBackgroundProcessor[StandardEngine[Catalina]]] org.apache.catalina.startup.HostConfig.undeploy Undeploying context [/React]
21-Jul-2023 23:44:34.262 INFO [localhost-startStop-4] org.apache.catalina.startup.HostConfig.deployWAR Deploying web application archive [C:\Users\Elicia\eclipse-workspace\IRSystem\tomcat-8.5\webapps\React.war]
21-Jul-2023 23:44:35.791 INFO [localhost-startStop-4] org.apache.jasper.servlet.TldScanner.scanJars At least one JAR was scanned for TLDs yet contained no TLDs. Enable debug logging for this logger for a complete list of JARs that were scanned but no TLDs were found in them. Skipping unneeded JARs during scanning can improve startup time and JSP compilation time.
21-Jul-2023 23:44:35.791 INFO [localhost-startStop-4] org.apache.catalina.startup.HostConfig.deployWAR Deployment of web application archive [C:\Users\Elicia\eclipse-workspace\IRSystem\tomcat-8.5\webapps\React.war] has finished in [1,530] ms
21-Jul-2023 23:44:44.421 INFO [http-nio-8080-exec-25] org.apache.lucene.store.MemorySegmentIndexInputProvider.<init> Using MemorySegmentIndexInput with Java 20; to disable start with -Dorg.apache.lucene.store.MMapDirectory.enableMemorySegments=false
21-Jul-2023 23:48:36.116 INFO [ContainerBackgroundProcessor[StandardEngine[Catalina]]] org.apache.catalina.startup.HostConfig.undeploy Undeploying context [/React]
21-Jul-2023 23:48:36.148 INFO [localhost-startStop-5] org.apache.catalina.startup.HostConfig.deployWAR Deploying web application archive [C:\Users\Elicia\eclipse-workspace\IRSystem\tomcat-8.5\webapps\React.war]
21-Jul-2023 23:48:37.509 INFO [localhost-startStop-5] org.apache.jasper.servlet.TldScanner.scanJars At least one JAR was scanned for TLDs yet contained no TLDs. Enable debug logging for this logger for a complete list of JARs that were scanned but no TLDs were found in them. Skipping unneeded JARs during scanning can improve startup time and JSP compilation time.
21-Jul-2023 23:48:37.514 INFO [localhost-startStop-5] org.apache.catalina.startup.HostConfig.deployWAR Deployment of web application archive [C:\Users\Elicia\eclipse-workspace\IRSystem\tomcat-8.5\webapps\React.war] has finished in [1,366] ms
21-Jul-2023 23:48:40.300 INFO [http-nio-8080-exec-35] org.apache.lucene.store.MemorySegmentIndexInputProvider.<init> Using MemorySegmentIndexInput with Java 20; to disable start with -Dorg.apache.lucene.store.MMapDirectory.enableMemorySegments=false
21-Jul-2023 23:51:47.792 INFO [ContainerBackgroundProcessor[StandardEngine[Catalina]]] org.apache.catalina.startup.HostConfig.undeploy Undeploying context [/React]
21-Jul-2023 23:51:47.794 INFO [ContainerBackgroundProcessor[StandardEngine[Catalina]]] org.apache.catalina.core.StandardWrapper.unload Waiting for [1] instance(s) to be deallocated for Servlet [team05.Servlet]
21-Jul-2023 23:51:48.098 INFO [localhost-startStop-6] org.apache.catalina.startup.HostConfig.deployWAR Deploying web application archive [C:\Users\Elicia\eclipse-workspace\IRSystem\tomcat-8.5\webapps\React.war]
21-Jul-2023 23:51:49.793 INFO [localhost-startStop-6] org.apache.jasper.servlet.TldScanner.scanJars At least one JAR was scanned for TLDs yet contained no TLDs. Enable debug logging for this logger for a complete list of JARs that were scanned but no TLDs were found in them. Skipping unneeded JARs during scanning can improve startup time and JSP compilation time.
21-Jul-2023 23:51:49.802 INFO [localhost-startStop-6] org.apache.catalina.startup.HostConfig.deployWAR Deployment of web application archive [C:\Users\Elicia\eclipse-workspace\IRSystem\tomcat-8.5\webapps\React.war] has finished in [1,702] ms
21-Jul-2023 23:51:52.085 INFO [http-nio-8080-exec-40] org.apache.lucene.store.MemorySegmentIndexInputProvider.<init> Using MemorySegmentIndexInput with Java 20; to disable start with -Dorg.apache.lucene.store.MMapDirectory.enableMemorySegments=false
21-Jul-2023 23:54:19.997 INFO [ContainerBackgroundProcessor[StandardEngine[Catalina]]] org.apache.catalina.startup.HostConfig.undeploy Undeploying context [/React]
21-Jul-2023 23:54:20.042 INFO [localhost-startStop-7] org.apache.catalina.startup.HostConfig.deployWAR Deploying web application archive [C:\Users\Elicia\eclipse-workspace\IRSystem\tomcat-8.5\webapps\React.war]
21-Jul-2023 23:54:21.502 INFO [localhost-startStop-7] org.apache.jasper.servlet.TldScanner.scanJars At least one JAR was scanned for TLDs yet contained no TLDs. Enable debug logging for this logger for a complete list of JARs that were scanned but no TLDs were found in them. Skipping unneeded JARs during scanning can improve startup time and JSP compilation time.
21-Jul-2023 23:54:21.510 INFO [localhost-startStop-7] org.apache.catalina.startup.HostConfig.deployWAR Deployment of web application archive [C:\Users\Elicia\eclipse-workspace\IRSystem\tomcat-8.5\webapps\React.war] has finished in [1,468] ms
21-Jul-2023 23:54:23.261 INFO [http-nio-8080-exec-44] org.apache.lucene.store.MemorySegmentIndexInputProvider.<init> Using MemorySegmentIndexInput with Java 20; to disable start with -Dorg.apache.lucene.store.MMapDirectory.enableMemorySegments=false
