25-Jul-2023 00:21:11.821 INFO [ContainerBackgroundProcessor[StandardEngine[Catalina]]] org.apache.catalina.startup.HostConfig.undeploy Undeploying context [/React]
25-Jul-2023 00:21:11.864 INFO [localhost-startStop-3] org.apache.catalina.startup.HostConfig.deployWAR Deploying web application archive [C:\Users\Elicia\eclipse-workspace\IRSystem\tomcat-8.5\webapps\React.war]
25-Jul-2023 00:21:12.872 INFO [localhost-startStop-3] org.apache.jasper.servlet.TldScanner.scanJars At least one JAR was scanned for TLDs yet contained no TLDs. Enable debug logging for this logger for a complete list of JARs that were scanned but no TLDs were found in them. Skipping unneeded JARs during scanning can improve startup time and JSP compilation time.
25-Jul-2023 00:21:12.877 INFO [localhost-startStop-3] org.apache.catalina.startup.HostConfig.deployWAR Deployment of web application archive [C:\Users\Elicia\eclipse-workspace\IRSystem\tomcat-8.5\webapps\React.war] has finished in [1,013] ms
25-Jul-2023 00:21:13.844 INFO [http-nio-8080-exec-20] org.apache.lucene.store.MemorySegmentIndexInputProvider.<init> Using MemorySegmentIndexInput with Java 20; to disable start with -Dorg.apache.lucene.store.MMapDirectory.enableMemorySegments=false
25-Jul-2023 00:23:53.092 INFO [ContainerBackgroundProcessor[StandardEngine[Catalina]]] org.apache.catalina.startup.HostConfig.undeploy Undeploying context [/React]
25-Jul-2023 00:23:53.112 INFO [localhost-startStop-4] org.apache.catalina.startup.HostConfig.deployWAR Deploying web application archive [C:\Users\Elicia\eclipse-workspace\IRSystem\tomcat-8.5\webapps\React.war]
25-Jul-2023 00:23:53.694 INFO [localhost-startStop-4] org.apache.jasper.servlet.TldScanner.scanJars At least one JAR was scanned for TLDs yet contained no TLDs. Enable debug logging for this logger for a complete list of JARs that were scanned but no TLDs were found in them. Skipping unneeded JARs during scanning can improve startup time and JSP compilation time.
25-Jul-2023 00:23:53.698 INFO [localhost-startStop-4] org.apache.catalina.startup.HostConfig.deployWAR Deployment of web application archive [C:\Users\Elicia\eclipse-workspace\IRSystem\tomcat-8.5\webapps\React.war] has finished in [586] ms
25-Jul-2023 00:23:56.741 INFO [http-nio-8080-exec-14] org.apache.lucene.store.MemorySegmentIndexInputProvider.<init> Using MemorySegmentIndexInput with Java 20; to disable start with -Dorg.apache.lucene.store.MMapDirectory.enableMemorySegments=false
25-Jul-2023 00:25:43.836 INFO [ContainerBackgroundProcessor[StandardEngine[Catalina]]] org.apache.catalina.startup.HostConfig.undeploy Undeploying context [/React]
25-Jul-2023 00:25:43.905 INFO [localhost-startStop-5] org.apache.catalina.startup.HostConfig.deployWAR Deploying web application archive [C:\Users\Elicia\eclipse-workspace\IRSystem\tomcat-8.5\webapps\React.war]
25-Jul-2023 00:25:45.778 INFO [localhost-startStop-5] org.apache.jasper.servlet.TldScanner.scanJars At least one JAR was scanned for TLDs yet contained no TLDs. Enable debug logging for this logger for a complete list of JARs that were scanned but no TLDs were found in them. Skipping unneeded JARs during scanning can improve startup time and JSP compilation time.
25-Jul-2023 00:25:45.783 INFO [localhost-startStop-5] org.apache.catalina.startup.HostConfig.deployWAR Deployment of web application archive [C:\Users\Elicia\eclipse-workspace\IRSystem\tomcat-8.5\webapps\React.war] has finished in [1,878] ms
25-Jul-2023 00:25:54.001 INFO [http-nio-8080-exec-26] org.apache.lucene.store.MemorySegmentIndexInputProvider.<init> Using MemorySegmentIndexInput with Java 20; to disable start with -Dorg.apache.lucene.store.MMapDirectory.enableMemorySegments=false
25-Jul-2023 00:44:27.436 INFO [ContainerBackgroundProcessor[StandardEngine[Catalina]]] org.apache.catalina.startup.HostConfig.undeploy Undeploying context [/React]
25-Jul-2023 00:44:27.590 INFO [localhost-startStop-6] org.apache.catalina.startup.HostConfig.deployWAR Deploying web application archive [C:\Users\Elicia\eclipse-workspace\IRSystem\tomcat-8.5\webapps\React.war]
25-Jul-2023 00:44:31.249 INFO [localhost-startStop-6] org.apache.jasper.servlet.TldScanner.scanJars At least one JAR was scanned for TLDs yet contained no TLDs. Enable debug logging for this logger for a complete list of JARs that were scanned but no TLDs were found in them. Skipping unneeded JARs during scanning can improve startup time and JSP compilation time.
25-Jul-2023 00:44:31.268 INFO [localhost-startStop-6] org.apache.catalina.startup.HostConfig.deployWAR Deployment of web application archive [C:\Users\Elicia\eclipse-workspace\IRSystem\tomcat-8.5\webapps\React.war] has finished in [3,677] ms
25-Jul-2023 00:45:09.769 INFO [http-nio-8080-exec-31] org.apache.lucene.store.MemorySegmentIndexInputProvider.<init> Using MemorySegmentIndexInput with Java 20; to disable start with -Dorg.apache.lucene.store.MMapDirectory.enableMemorySegments=false
25-Jul-2023 00:46:51.531 INFO [ContainerBackgroundProcessor[StandardEngine[Catalina]]] org.apache.catalina.startup.HostConfig.undeploy Undeploying context [/React]
25-Jul-2023 00:46:51.532 INFO [ContainerBackgroundProcessor[StandardEngine[Catalina]]] org.apache.catalina.core.StandardWrapper.unload Waiting for [1] instance(s) to be deallocated for Servlet [team05.Servlet]
25-Jul-2023 00:46:52.084 INFO [localhost-startStop-7] org.apache.catalina.startup.HostConfig.deployWAR Deploying web application archive [C:\Users\Elicia\eclipse-workspace\IRSystem\tomcat-8.5\webapps\React.war]
25-Jul-2023 00:46:54.293 INFO [localhost-startStop-7] org.apache.jasper.servlet.TldScanner.scanJars At least one JAR was scanned for TLDs yet contained no TLDs. Enable debug logging for this logger for a complete list of JARs that were scanned but no TLDs were found in them. Skipping unneeded JARs during scanning can improve startup time and JSP compilation time.
25-Jul-2023 00:46:54.311 INFO [localhost-startStop-7] org.apache.catalina.startup.HostConfig.deployWAR Deployment of web application archive [C:\Users\Elicia\eclipse-workspace\IRSystem\tomcat-8.5\webapps\React.war] has finished in [2,229] ms
25-Jul-2023 00:46:54.738 INFO [http-nio-8080-exec-36] org.apache.lucene.store.MemorySegmentIndexInputProvider.<init> Using MemorySegmentIndexInput with Java 20; to disable start with -Dorg.apache.lucene.store.MMapDirectory.enableMemorySegments=false
25-Jul-2023 00:48:34.466 INFO [ContainerBackgroundProcessor[StandardEngine[Catalina]]] org.apache.catalina.startup.HostConfig.undeploy Undeploying context [/React]
25-Jul-2023 00:48:34.489 INFO [ContainerBackgroundProcessor[StandardEngine[Catalina]]] org.apache.catalina.core.StandardWrapper.unload Waiting for [1] instance(s) to be deallocated for Servlet [team05.Servlet]
25-Jul-2023 00:48:34.963 INFO [localhost-startStop-8] org.apache.catalina.startup.HostConfig.deployWAR Deploying web application archive [C:\Users\Elicia\eclipse-workspace\IRSystem\tomcat-8.5\webapps\React.war]
25-Jul-2023 00:48:37.244 INFO [localhost-startStop-8] org.apache.jasper.servlet.TldScanner.scanJars At least one JAR was scanned for TLDs yet contained no TLDs. Enable debug logging for this logger for a complete list of JARs that were scanned but no TLDs were found in them. Skipping unneeded JARs during scanning can improve startup time and JSP compilation time.
25-Jul-2023 00:48:37.253 INFO [localhost-startStop-8] org.apache.catalina.startup.HostConfig.deployWAR Deployment of web application archive [C:\Users\Elicia\eclipse-workspace\IRSystem\tomcat-8.5\webapps\React.war] has finished in [2,290] ms
25-Jul-2023 00:48:37.712 INFO [http-nio-8080-exec-49] org.apache.lucene.store.MemorySegmentIndexInputProvider.<init> Using MemorySegmentIndexInput with Java 20; to disable start with -Dorg.apache.lucene.store.MMapDirectory.enableMemorySegments=false
25-Jul-2023 00:49:47.439 INFO [ContainerBackgroundProcessor[StandardEngine[Catalina]]] org.apache.catalina.startup.HostConfig.undeploy Undeploying context [/React]
25-Jul-2023 00:49:47.490 INFO [localhost-startStop-9] org.apache.catalina.startup.HostConfig.deployWAR Deploying web application archive [C:\Users\Elicia\eclipse-workspace\IRSystem\tomcat-8.5\webapps\React.war]
25-Jul-2023 00:49:49.555 INFO [localhost-startStop-9] org.apache.jasper.servlet.TldScanner.scanJars At least one JAR was scanned for TLDs yet contained no TLDs. Enable debug logging for this logger for a complete list of JARs that were scanned but no TLDs were found in them. Skipping unneeded JARs during scanning can improve startup time and JSP compilation time.
25-Jul-2023 00:49:49.570 INFO [localhost-startStop-9] org.apache.catalina.startup.HostConfig.deployWAR Deployment of web application archive [C:\Users\Elicia\eclipse-workspace\IRSystem\tomcat-8.5\webapps\React.war] has finished in [2,081] ms
25-Jul-2023 00:49:59.586 INFO [ContainerBackgroundProcessor[StandardEngine[Catalina]]] org.apache.catalina.startup.HostConfig.undeploy Undeploying context [/React]
25-Jul-2023 00:49:59.631 INFO [localhost-startStop-10] org.apache.catalina.startup.HostConfig.deployWAR Deploying web application archive [C:\Users\Elicia\eclipse-workspace\IRSystem\tomcat-8.5\webapps\React.war]
25-Jul-2023 00:50:00.585 INFO [localhost-startStop-10] org.apache.jasper.servlet.TldScanner.scanJars At least one JAR was scanned for TLDs yet contained no TLDs. Enable debug logging for this logger for a complete list of JARs that were scanned but no TLDs were found in them. Skipping unneeded JARs during scanning can improve startup time and JSP compilation time.
25-Jul-2023 00:50:00.591 INFO [localhost-startStop-10] org.apache.catalina.startup.HostConfig.deployWAR Deployment of web application archive [C:\Users\Elicia\eclipse-workspace\IRSystem\tomcat-8.5\webapps\React.war] has finished in [958] ms
25-Jul-2023 00:50:02.241 INFO [http-nio-8080-exec-52] org.apache.lucene.store.MemorySegmentIndexInputProvider.<init> Using MemorySegmentIndexInput with Java 20; to disable start with -Dorg.apache.lucene.store.MMapDirectory.enableMemorySegments=false
25-Jul-2023 00:51:20.715 INFO [ContainerBackgroundProcessor[StandardEngine[Catalina]]] org.apache.catalina.startup.HostConfig.undeploy Undeploying context [/React]
25-Jul-2023 00:51:20.765 INFO [localhost-startStop-11] org.apache.catalina.startup.HostConfig.deployWAR Deploying web application archive [C:\Users\Elicia\eclipse-workspace\IRSystem\tomcat-8.5\webapps\React.war]
25-Jul-2023 00:51:23.309 INFO [localhost-startStop-11] org.apache.jasper.servlet.TldScanner.scanJars At least one JAR was scanned for TLDs yet contained no TLDs. Enable debug logging for this logger for a complete list of JARs that were scanned but no TLDs were found in them. Skipping unneeded JARs during scanning can improve startup time and JSP compilation time.
25-Jul-2023 00:51:23.321 INFO [localhost-startStop-11] org.apache.catalina.startup.HostConfig.deployWAR Deployment of web application archive [C:\Users\Elicia\eclipse-workspace\IRSystem\tomcat-8.5\webapps\React.war] has finished in [2,556] ms
25-Jul-2023 00:51:24.032 INFO [http-nio-8080-exec-60] org.apache.lucene.store.MemorySegmentIndexInputProvider.<init> Using MemorySegmentIndexInput with Java 20; to disable start with -Dorg.apache.lucene.store.MMapDirectory.enableMemorySegments=false
25-Jul-2023 00:53:43.563 INFO [ContainerBackgroundProcessor[StandardEngine[Catalina]]] org.apache.catalina.startup.HostConfig.undeploy Undeploying context [/React]
25-Jul-2023 00:53:43.574 INFO [ContainerBackgroundProcessor[StandardEngine[Catalina]]] org.apache.catalina.core.StandardWrapper.unload Waiting for [1] instance(s) to be deallocated for Servlet [team05.Servlet]
25-Jul-2023 00:53:44.506 INFO [localhost-startStop-12] org.apache.catalina.startup.HostConfig.deployWAR Deploying web application archive [C:\Users\Elicia\eclipse-workspace\IRSystem\tomcat-8.5\webapps\React.war]
25-Jul-2023 00:53:47.575 INFO [localhost-startStop-12] org.apache.jasper.servlet.TldScanner.scanJars At least one JAR was scanned for TLDs yet contained no TLDs. Enable debug logging for this logger for a complete list of JARs that were scanned but no TLDs were found in them. Skipping unneeded JARs during scanning can improve startup time and JSP compilation time.
25-Jul-2023 00:53:47.592 INFO [localhost-startStop-12] org.apache.catalina.startup.HostConfig.deployWAR Deployment of web application archive [C:\Users\Elicia\eclipse-workspace\IRSystem\tomcat-8.5\webapps\React.war] has finished in [3,084] ms
25-Jul-2023 00:53:47.709 INFO [http-nio-8080-exec-71] org.apache.lucene.store.MemorySegmentIndexInputProvider.<init> Using MemorySegmentIndexInput with Java 20; to disable start with -Dorg.apache.lucene.store.MMapDirectory.enableMemorySegments=false
25-Jul-2023 01:08:28.824 INFO [ContainerBackgroundProcessor[StandardEngine[Catalina]]] org.apache.catalina.startup.HostConfig.undeploy Undeploying context [/React]
25-Jul-2023 01:08:29.127 INFO [localhost-startStop-13] org.apache.catalina.startup.HostConfig.deployWAR Deploying web application archive [C:\Users\Elicia\eclipse-workspace\IRSystem\tomcat-8.5\webapps\React.war]
25-Jul-2023 01:08:30.802 INFO [localhost-startStop-13] org.apache.jasper.servlet.TldScanner.scanJars At least one JAR was scanned for TLDs yet contained no TLDs. Enable debug logging for this logger for a complete list of JARs that were scanned but no TLDs were found in them. Skipping unneeded JARs during scanning can improve startup time and JSP compilation time.
25-Jul-2023 01:08:30.808 INFO [localhost-startStop-13] org.apache.catalina.startup.HostConfig.deployWAR Deployment of web application archive [C:\Users\Elicia\eclipse-workspace\IRSystem\tomcat-8.5\webapps\React.war] has finished in [1,680] ms
25-Jul-2023 01:08:31.500 INFO [http-nio-8080-exec-83] org.apache.lucene.store.MemorySegmentIndexInputProvider.<init> Using MemorySegmentIndexInput with Java 20; to disable start with -Dorg.apache.lucene.store.MMapDirectory.enableMemorySegments=false
25-Jul-2023 01:28:42.324 INFO [ContainerBackgroundProcessor[StandardEngine[Catalina]]] org.apache.catalina.startup.HostConfig.undeploy Undeploying context [/React]
25-Jul-2023 01:28:42.367 INFO [localhost-startStop-14] org.apache.catalina.startup.HostConfig.deployWAR Deploying web application archive [C:\Users\Elicia\eclipse-workspace\IRSystem\tomcat-8.5\webapps\React.war]
25-Jul-2023 01:28:44.296 INFO [localhost-startStop-14] org.apache.jasper.servlet.TldScanner.scanJars At least one JAR was scanned for TLDs yet contained no TLDs. Enable debug logging for this logger for a complete list of JARs that were scanned but no TLDs were found in them. Skipping unneeded JARs during scanning can improve startup time and JSP compilation time.
25-Jul-2023 01:28:44.315 INFO [localhost-startStop-14] org.apache.catalina.startup.HostConfig.deployWAR Deployment of web application archive [C:\Users\Elicia\eclipse-workspace\IRSystem\tomcat-8.5\webapps\React.war] has finished in [1,941] ms
25-Jul-2023 01:28:53.098 INFO [http-nio-8080-exec-93] org.apache.lucene.store.MemorySegmentIndexInputProvider.<init> Using MemorySegmentIndexInput with Java 20; to disable start with -Dorg.apache.lucene.store.MMapDirectory.enableMemorySegments=false
25-Jul-2023 01:31:14.468 INFO [ContainerBackgroundProcessor[StandardEngine[Catalina]]] org.apache.catalina.startup.HostConfig.undeploy Undeploying context [/React]
25-Jul-2023 01:31:14.495 INFO [localhost-startStop-15] org.apache.catalina.startup.HostConfig.deployWAR Deploying web application archive [C:\Users\Elicia\eclipse-workspace\IRSystem\tomcat-8.5\webapps\React.war]
25-Jul-2023 01:31:15.262 INFO [localhost-startStop-15] org.apache.jasper.servlet.TldScanner.scanJars At least one JAR was scanned for TLDs yet contained no TLDs. Enable debug logging for this logger for a complete list of JARs that were scanned but no TLDs were found in them. Skipping unneeded JARs during scanning can improve startup time and JSP compilation time.
25-Jul-2023 01:31:15.266 INFO [localhost-startStop-15] org.apache.catalina.startup.HostConfig.deployWAR Deployment of web application archive [C:\Users\Elicia\eclipse-workspace\IRSystem\tomcat-8.5\webapps\React.war] has finished in [770] ms
25-Jul-2023 01:31:21.193 INFO [http-nio-8080-exec-101] org.apache.lucene.store.MemorySegmentIndexInputProvider.<init> Using MemorySegmentIndexInput with Java 20; to disable start with -Dorg.apache.lucene.store.MMapDirectory.enableMemorySegments=false
25-Jul-2023 01:32:55.381 INFO [ContainerBackgroundProcessor[StandardEngine[Catalina]]] org.apache.catalina.startup.HostConfig.undeploy Undeploying context [/React]
25-Jul-2023 01:32:55.420 INFO [localhost-startStop-16] org.apache.catalina.startup.HostConfig.deployWAR Deploying web application archive [C:\Users\Elicia\eclipse-workspace\IRSystem\tomcat-8.5\webapps\React.war]
25-Jul-2023 01:32:57.454 INFO [localhost-startStop-16] org.apache.jasper.servlet.TldScanner.scanJars At least one JAR was scanned for TLDs yet contained no TLDs. Enable debug logging for this logger for a complete list of JARs that were scanned but no TLDs were found in them. Skipping unneeded JARs during scanning can improve startup time and JSP compilation time.
25-Jul-2023 01:32:57.464 INFO [localhost-startStop-16] org.apache.catalina.startup.HostConfig.deployWAR Deployment of web application archive [C:\Users\Elicia\eclipse-workspace\IRSystem\tomcat-8.5\webapps\React.war] has finished in [2,043] ms
25-Jul-2023 01:33:02.890 INFO [http-nio-8080-exec-110] org.apache.lucene.store.MemorySegmentIndexInputProvider.<init> Using MemorySegmentIndexInput with Java 20; to disable start with -Dorg.apache.lucene.store.MMapDirectory.enableMemorySegments=false
25-Jul-2023 01:34:47.574 INFO [ContainerBackgroundProcessor[StandardEngine[Catalina]]] org.apache.catalina.startup.HostConfig.undeploy Undeploying context [/React]
25-Jul-2023 01:34:47.576 INFO [ContainerBackgroundProcessor[StandardEngine[Catalina]]] org.apache.catalina.core.StandardWrapper.unload Waiting for [1] instance(s) to be deallocated for Servlet [team05.Servlet]
25-Jul-2023 01:34:48.644 INFO [localhost-startStop-17] org.apache.catalina.startup.HostConfig.deployWAR Deploying web application archive [C:\Users\Elicia\eclipse-workspace\IRSystem\tomcat-8.5\webapps\React.war]
25-Jul-2023 01:34:50.441 INFO [localhost-startStop-17] org.apache.jasper.servlet.TldScanner.scanJars At least one JAR was scanned for TLDs yet contained no TLDs. Enable debug logging for this logger for a complete list of JARs that were scanned but no TLDs were found in them. Skipping unneeded JARs during scanning can improve startup time and JSP compilation time.
25-Jul-2023 01:34:50.454 INFO [localhost-startStop-17] org.apache.catalina.startup.HostConfig.deployWAR Deployment of web application archive [C:\Users\Elicia\eclipse-workspace\IRSystem\tomcat-8.5\webapps\React.war] has finished in [1,808] ms
25-Jul-2023 01:34:52.117 INFO [http-nio-8080-exec-115] org.apache.lucene.store.MemorySegmentIndexInputProvider.<init> Using MemorySegmentIndexInput with Java 20; to disable start with -Dorg.apache.lucene.store.MMapDirectory.enableMemorySegments=false
25-Jul-2023 01:37:00.647 INFO [ContainerBackgroundProcessor[StandardEngine[Catalina]]] org.apache.catalina.startup.HostConfig.undeploy Undeploying context [/React]
25-Jul-2023 01:37:00.670 INFO [localhost-startStop-18] org.apache.catalina.startup.HostConfig.deployWAR Deploying web application archive [C:\Users\Elicia\eclipse-workspace\IRSystem\tomcat-8.5\webapps\React.war]
25-Jul-2023 01:37:01.430 INFO [localhost-startStop-18] org.apache.jasper.servlet.TldScanner.scanJars At least one JAR was scanned for TLDs yet contained no TLDs. Enable debug logging for this logger for a complete list of JARs that were scanned but no TLDs were found in them. Skipping unneeded JARs during scanning can improve startup time and JSP compilation time.
25-Jul-2023 01:37:01.435 INFO [localhost-startStop-18] org.apache.catalina.startup.HostConfig.deployWAR Deployment of web application archive [C:\Users\Elicia\eclipse-workspace\IRSystem\tomcat-8.5\webapps\React.war] has finished in [765] ms
25-Jul-2023 01:37:02.059 INFO [http-nio-8080-exec-125] org.apache.lucene.store.MemorySegmentIndexInputProvider.<init> Using MemorySegmentIndexInput with Java 20; to disable start with -Dorg.apache.lucene.store.MMapDirectory.enableMemorySegments=false
25-Jul-2023 01:38:41.545 INFO [ContainerBackgroundProcessor[StandardEngine[Catalina]]] org.apache.catalina.startup.HostConfig.undeploy Undeploying context [/React]
25-Jul-2023 01:38:41.546 INFO [ContainerBackgroundProcessor[StandardEngine[Catalina]]] org.apache.catalina.core.StandardWrapper.unload Waiting for [1] instance(s) to be deallocated for Servlet [team05.Servlet]
25-Jul-2023 01:38:41.892 INFO [localhost-startStop-19] org.apache.catalina.startup.HostConfig.deployWAR Deploying web application archive [C:\Users\Elicia\eclipse-workspace\IRSystem\tomcat-8.5\webapps\React.war]
25-Jul-2023 01:38:42.664 INFO [localhost-startStop-19] org.apache.jasper.servlet.TldScanner.scanJars At least one JAR was scanned for TLDs yet contained no TLDs. Enable debug logging for this logger for a complete list of JARs that were scanned but no TLDs were found in them. Skipping unneeded JARs during scanning can improve startup time and JSP compilation time.
25-Jul-2023 01:38:42.667 INFO [localhost-startStop-19] org.apache.catalina.startup.HostConfig.deployWAR Deployment of web application archive [C:\Users\Elicia\eclipse-workspace\IRSystem\tomcat-8.5\webapps\React.war] has finished in [775] ms
25-Jul-2023 01:38:44.429 INFO [http-nio-8080-exec-126] org.apache.lucene.store.MemorySegmentIndexInputProvider.<init> Using MemorySegmentIndexInput with Java 20; to disable start with -Dorg.apache.lucene.store.MMapDirectory.enableMemorySegments=false
25-Jul-2023 01:40:12.755 INFO [ContainerBackgroundProcessor[StandardEngine[Catalina]]] org.apache.catalina.startup.HostConfig.undeploy Undeploying context [/React]
25-Jul-2023 01:40:12.779 INFO [localhost-startStop-20] org.apache.catalina.startup.HostConfig.deployWAR Deploying web application archive [C:\Users\Elicia\eclipse-workspace\IRSystem\tomcat-8.5\webapps\React.war]
25-Jul-2023 01:40:13.541 INFO [localhost-startStop-20] org.apache.jasper.servlet.TldScanner.scanJars At least one JAR was scanned for TLDs yet contained no TLDs. Enable debug logging for this logger for a complete list of JARs that were scanned but no TLDs were found in them. Skipping unneeded JARs during scanning can improve startup time and JSP compilation time.
25-Jul-2023 01:40:13.547 INFO [localhost-startStop-20] org.apache.catalina.startup.HostConfig.deployWAR Deployment of web application archive [C:\Users\Elicia\eclipse-workspace\IRSystem\tomcat-8.5\webapps\React.war] has finished in [769] ms
25-Jul-2023 01:40:32.154 INFO [http-nio-8080-exec-129] org.apache.lucene.store.MemorySegmentIndexInputProvider.<init> Using MemorySegmentIndexInput with Java 20; to disable start with -Dorg.apache.lucene.store.MMapDirectory.enableMemorySegments=false
25-Jul-2023 01:40:33.562 INFO [ContainerBackgroundProcessor[StandardEngine[Catalina]]] org.apache.catalina.startup.HostConfig.undeploy Undeploying context [/React]
25-Jul-2023 01:40:33.583 INFO [localhost-startStop-21] org.apache.catalina.startup.HostConfig.deployWAR Deploying web application archive [C:\Users\Elicia\eclipse-workspace\IRSystem\tomcat-8.5\webapps\React.war]
25-Jul-2023 01:40:34.331 INFO [localhost-startStop-21] org.apache.jasper.servlet.TldScanner.scanJars At least one JAR was scanned for TLDs yet contained no TLDs. Enable debug logging for this logger for a complete list of JARs that were scanned but no TLDs were found in them. Skipping unneeded JARs during scanning can improve startup time and JSP compilation time.
25-Jul-2023 01:40:34.335 INFO [localhost-startStop-21] org.apache.catalina.startup.HostConfig.deployWAR Deployment of web application archive [C:\Users\Elicia\eclipse-workspace\IRSystem\tomcat-8.5\webapps\React.war] has finished in [752] ms
25-Jul-2023 01:40:34.890 INFO [http-nio-8080-exec-137] org.apache.lucene.store.MemorySegmentIndexInputProvider.<init> Using MemorySegmentIndexInput with Java 20; to disable start with -Dorg.apache.lucene.store.MMapDirectory.enableMemorySegments=false
25-Jul-2023 01:41:04.376 INFO [ContainerBackgroundProcessor[StandardEngine[Catalina]]] org.apache.catalina.startup.HostConfig.undeploy Undeploying context [/React]
25-Jul-2023 01:41:04.414 INFO [localhost-startStop-22] org.apache.catalina.startup.HostConfig.deployWAR Deploying web application archive [C:\Users\Elicia\eclipse-workspace\IRSystem\tomcat-8.5\webapps\React.war]
25-Jul-2023 01:41:05.163 INFO [localhost-startStop-22] org.apache.jasper.servlet.TldScanner.scanJars At least one JAR was scanned for TLDs yet contained no TLDs. Enable debug logging for this logger for a complete list of JARs that were scanned but no TLDs were found in them. Skipping unneeded JARs during scanning can improve startup time and JSP compilation time.
25-Jul-2023 01:41:05.167 INFO [localhost-startStop-22] org.apache.catalina.startup.HostConfig.deployWAR Deployment of web application archive [C:\Users\Elicia\eclipse-workspace\IRSystem\tomcat-8.5\webapps\React.war] has finished in [753] ms
25-Jul-2023 01:41:09.250 INFO [http-nio-8080-exec-112] org.apache.lucene.store.MemorySegmentIndexInputProvider.<init> Using MemorySegmentIndexInput with Java 20; to disable start with -Dorg.apache.lucene.store.MMapDirectory.enableMemorySegments=false
25-Jul-2023 01:41:35.197 INFO [ContainerBackgroundProcessor[StandardEngine[Catalina]]] org.apache.catalina.startup.HostConfig.undeploy Undeploying context [/React]
25-Jul-2023 01:41:35.251 INFO [localhost-startStop-23] org.apache.catalina.startup.HostConfig.deployWAR Deploying web application archive [C:\Users\Elicia\eclipse-workspace\IRSystem\tomcat-8.5\webapps\React.war]
25-Jul-2023 01:41:36.430 INFO [localhost-startStop-23] org.apache.jasper.servlet.TldScanner.scanJars At least one JAR was scanned for TLDs yet contained no TLDs. Enable debug logging for this logger for a complete list of JARs that were scanned but no TLDs were found in them. Skipping unneeded JARs during scanning can improve startup time and JSP compilation time.
25-Jul-2023 01:41:36.437 INFO [localhost-startStop-23] org.apache.catalina.startup.HostConfig.deployWAR Deployment of web application archive [C:\Users\Elicia\eclipse-workspace\IRSystem\tomcat-8.5\webapps\React.war] has finished in [1,186] ms
25-Jul-2023 01:41:38.693 INFO [http-nio-8080-exec-140] org.apache.lucene.store.MemorySegmentIndexInputProvider.<init> Using MemorySegmentIndexInput with Java 20; to disable start with -Dorg.apache.lucene.store.MMapDirectory.enableMemorySegments=false
25-Jul-2023 01:42:36.490 INFO [ContainerBackgroundProcessor[StandardEngine[Catalina]]] org.apache.catalina.startup.HostConfig.undeploy Undeploying context [/React]
25-Jul-2023 01:42:36.513 INFO [localhost-startStop-24] org.apache.catalina.startup.HostConfig.deployWAR Deploying web application archive [C:\Users\Elicia\eclipse-workspace\IRSystem\tomcat-8.5\webapps\React.war]
25-Jul-2023 01:42:37.361 INFO [localhost-startStop-24] org.apache.jasper.servlet.TldScanner.scanJars At least one JAR was scanned for TLDs yet contained no TLDs. Enable debug logging for this logger for a complete list of JARs that were scanned but no TLDs were found in them. Skipping unneeded JARs during scanning can improve startup time and JSP compilation time.
25-Jul-2023 01:42:37.364 INFO [localhost-startStop-24] org.apache.catalina.startup.HostConfig.deployWAR Deployment of web application archive [C:\Users\Elicia\eclipse-workspace\IRSystem\tomcat-8.5\webapps\React.war] has finished in [851] ms
25-Jul-2023 01:42:37.830 INFO [http-nio-8080-exec-149] org.apache.lucene.store.MemorySegmentIndexInputProvider.<init> Using MemorySegmentIndexInput with Java 20; to disable start with -Dorg.apache.lucene.store.MMapDirectory.enableMemorySegments=false
25-Jul-2023 01:43:27.415 INFO [ContainerBackgroundProcessor[StandardEngine[Catalina]]] org.apache.catalina.startup.HostConfig.undeploy Undeploying context [/React]
25-Jul-2023 01:43:27.455 INFO [localhost-startStop-25] org.apache.catalina.startup.HostConfig.deployWAR Deploying web application archive [C:\Users\Elicia\eclipse-workspace\IRSystem\tomcat-8.5\webapps\React.war]
25-Jul-2023 01:43:29.538 INFO [localhost-startStop-25] org.apache.jasper.servlet.TldScanner.scanJars At least one JAR was scanned for TLDs yet contained no TLDs. Enable debug logging for this logger for a complete list of JARs that were scanned but no TLDs were found in them. Skipping unneeded JARs during scanning can improve startup time and JSP compilation time.
25-Jul-2023 01:43:29.548 INFO [localhost-startStop-25] org.apache.catalina.startup.HostConfig.deployWAR Deployment of web application archive [C:\Users\Elicia\eclipse-workspace\IRSystem\tomcat-8.5\webapps\React.war] has finished in [2,094] ms
25-Jul-2023 01:45:39.022 INFO [http-nio-8080-exec-156] org.apache.lucene.store.MemorySegmentIndexInputProvider.<init> Using MemorySegmentIndexInput with Java 20; to disable start with -Dorg.apache.lucene.store.MMapDirectory.enableMemorySegments=false
