23-Jul-2023 21:37:06.477 INFO [main] org.apache.catalina.startup.VersionLoggerListener.log Server version name:   Apache Tomcat/8.5.90
23-Jul-2023 21:37:06.480 INFO [main] org.apache.catalina.startup.VersionLoggerListener.log Server built:          Jun 2 2023 17:14:04 UTC
23-Jul-2023 21:37:06.480 INFO [main] org.apache.catalina.startup.VersionLoggerListener.log Server version number: 8.5.90.0
23-Jul-2023 21:37:06.480 INFO [main] org.apache.catalina.startup.VersionLoggerListener.log OS Name:               Windows 11
23-Jul-2023 21:37:06.480 INFO [main] org.apache.catalina.startup.VersionLoggerListener.log OS Version:            10.0
23-Jul-2023 21:37:06.481 INFO [main] org.apache.catalina.startup.VersionLoggerListener.log Architecture:          amd64
23-Jul-2023 21:37:06.481 INFO [main] org.apache.catalina.startup.VersionLoggerListener.log Java Home:             C:\Program Files\Java\jdk-20
23-Jul-2023 21:37:06.481 INFO [main] org.apache.catalina.startup.VersionLoggerListener.log JVM Version:           20.0.1+9-29
23-Jul-2023 21:37:06.482 INFO [main] org.apache.catalina.startup.VersionLoggerListener.log JVM Vendor:            Oracle Corporation
23-Jul-2023 21:37:06.482 INFO [main] org.apache.catalina.startup.VersionLoggerListener.log CATALINA_BASE:         C:\Users\Elicia\eclipse-workspace\IRSystem\tomcat-8.5
23-Jul-2023 21:37:06.483 INFO [main] org.apache.catalina.startup.VersionLoggerListener.log CATALINA_HOME:         C:\Users\Elicia\eclipse-workspace\IRSystem\tomcat-8.5
23-Jul-2023 21:37:06.484 INFO [main] org.apache.catalina.startup.VersionLoggerListener.log Command line argument: --add-opens=java.base/java.lang=ALL-UNNAMED
23-Jul-2023 21:37:06.484 INFO [main] org.apache.catalina.startup.VersionLoggerListener.log Command line argument: --add-opens=java.base/java.io=ALL-UNNAMED
23-Jul-2023 21:37:06.485 INFO [main] org.apache.catalina.startup.VersionLoggerListener.log Command line argument: --add-opens=java.base/java.util=ALL-UNNAMED
23-Jul-2023 21:37:06.485 INFO [main] org.apache.catalina.startup.VersionLoggerListener.log Command line argument: --add-opens=java.base/java.util.concurrent=ALL-UNNAMED
23-Jul-2023 21:37:06.486 INFO [main] org.apache.catalina.startup.VersionLoggerListener.log Command line argument: --add-opens=java.rmi/sun.rmi.transport=ALL-UNNAMED
23-Jul-2023 21:37:06.487 INFO [main] org.apache.catalina.startup.VersionLoggerListener.log Command line argument: -Djava.util.logging.config.file=C:\Users\Elicia\eclipse-workspace\IRSystem\tomcat-8.5\conf\logging.properties
23-Jul-2023 21:37:06.487 INFO [main] org.apache.catalina.startup.VersionLoggerListener.log Command line argument: -Djava.util.logging.manager=org.apache.juli.ClassLoaderLogManager
23-Jul-2023 21:37:06.487 INFO [main] org.apache.catalina.startup.VersionLoggerListener.log Command line argument: -Djdk.tls.ephemeralDHKeySize=2048
23-Jul-2023 21:37:06.489 INFO [main] org.apache.catalina.startup.VersionLoggerListener.log Command line argument: -Djava.protocol.handler.pkgs=org.apache.catalina.webresources
23-Jul-2023 21:37:06.489 INFO [main] org.apache.catalina.startup.VersionLoggerListener.log Command line argument: -Dignore.endorsed.dirs=
23-Jul-2023 21:37:06.489 INFO [main] org.apache.catalina.startup.VersionLoggerListener.log Command line argument: -Dcatalina.base=C:\Users\Elicia\eclipse-workspace\IRSystem\tomcat-8.5
23-Jul-2023 21:37:06.489 INFO [main] org.apache.catalina.startup.VersionLoggerListener.log Command line argument: -Dcatalina.home=C:\Users\Elicia\eclipse-workspace\IRSystem\tomcat-8.5
23-Jul-2023 21:37:06.490 INFO [main] org.apache.catalina.startup.VersionLoggerListener.log Command line argument: -Djava.io.tmpdir=C:\Users\Elicia\eclipse-workspace\IRSystem\tomcat-8.5\temp
23-Jul-2023 21:37:06.490 INFO [main] org.apache.catalina.core.AprLifecycleListener.lifecycleEvent The Apache Tomcat Native library which allows using OpenSSL was not found on the java.library.path: [C:\Program Files\Java\jdk-20\bin;C:\WINDOWS\Sun\Java\bin;C:\WINDOWS\system32;C:\WINDOWS;C:\Program Files\Common Files\Oracle\Java\javapath;C:\WINDOWS\system32;C:\WINDOWS;C:\WINDOWS\System32\Wbem;C:\WINDOWS\System32\WindowsPowerShell\v1.0\;C:\WINDOWS\System32\OpenSSH\;C:\Program Files\Git\cmd;C:\Program Files\nodejs\;C:\apache-maven-3.9.3\bin;C:\Users\Elicia\AppData\Local\Microsoft\WindowsApps;C:\Users\Elicia\AppData\Local\Programs\Microsoft VS Code\bin;C:\Users\Elicia\AppData\Local\Programs\Python\Python311;C:\Users\Elicia\AppData\Local\Programs\Python\Python311\Scripts;C:\Program Files\Java\jdk-20;C:\Users\Elicia\AppData\Local\GitHubDesktop\bin;C:\Users\Elicia\AppData\Roaming\npm;C:\apache-maven-3.9.3-bin\apache-maven-3.9.3\bin;;.]
23-Jul-2023 21:37:06.549 INFO [main] org.apache.coyote.AbstractProtocol.init Initializing ProtocolHandler ["http-nio-8080"]
23-Jul-2023 21:37:06.581 INFO [main] org.apache.catalina.startup.Catalina.load Initialization processed in 713 ms
23-Jul-2023 21:37:06.668 INFO [main] org.apache.catalina.core.StandardService.startInternal Starting service [Catalina]
23-Jul-2023 21:37:06.668 INFO [main] org.apache.catalina.core.StandardEngine.startInternal Starting Servlet engine: [Apache Tomcat/8.5.90]
23-Jul-2023 21:37:06.689 INFO [localhost-startStop-1] org.apache.catalina.startup.HostConfig.deployWAR Deploying web application archive [C:\Users\Elicia\eclipse-workspace\IRSystem\tomcat-8.5\webapps\React.war]
23-Jul-2023 21:37:06.713 INFO [localhost-startStop-1] org.apache.catalina.startup.ExpandWar.expand An expanded directory [C:\Users\Elicia\eclipse-workspace\IRSystem\tomcat-8.5\webapps\React] was found with a last modified time that did not match the associated WAR. It will be deleted.
23-Jul-2023 21:37:07.834 INFO [localhost-startStop-1] org.apache.jasper.servlet.TldScanner.scanJars At least one JAR was scanned for TLDs yet contained no TLDs. Enable debug logging for this logger for a complete list of JARs that were scanned but no TLDs were found in them. Skipping unneeded JARs during scanning can improve startup time and JSP compilation time.
23-Jul-2023 21:37:07.942 INFO [localhost-startStop-1] org.apache.catalina.startup.HostConfig.deployWAR Deployment of web application archive [C:\Users\Elicia\eclipse-workspace\IRSystem\tomcat-8.5\webapps\React.war] has finished in [1,250] ms
23-Jul-2023 21:37:07.945 INFO [localhost-startStop-1] org.apache.catalina.startup.HostConfig.deployDirectory Deploying web application directory [C:\Users\Elicia\eclipse-workspace\IRSystem\tomcat-8.5\webapps\docs]
23-Jul-2023 21:37:08.034 INFO [localhost-startStop-1] org.apache.catalina.startup.HostConfig.deployDirectory Deployment of web application directory [C:\Users\Elicia\eclipse-workspace\IRSystem\tomcat-8.5\webapps\docs] has finished in [88] ms
23-Jul-2023 21:37:08.035 INFO [localhost-startStop-1] org.apache.catalina.startup.HostConfig.deployDirectory Deploying web application directory [C:\Users\Elicia\eclipse-workspace\IRSystem\tomcat-8.5\webapps\examples]
23-Jul-2023 21:37:08.597 INFO [localhost-startStop-1] org.apache.catalina.startup.HostConfig.deployDirectory Deployment of web application directory [C:\Users\Elicia\eclipse-workspace\IRSystem\tomcat-8.5\webapps\examples] has finished in [560] ms
23-Jul-2023 21:37:08.597 INFO [localhost-startStop-1] org.apache.catalina.startup.HostConfig.deployDirectory Deploying web application directory [C:\Users\Elicia\eclipse-workspace\IRSystem\tomcat-8.5\webapps\host-manager]
23-Jul-2023 21:37:08.634 INFO [localhost-startStop-1] org.apache.catalina.startup.HostConfig.deployDirectory Deployment of web application directory [C:\Users\Elicia\eclipse-workspace\IRSystem\tomcat-8.5\webapps\host-manager] has finished in [37] ms
23-Jul-2023 21:37:08.635 INFO [localhost-startStop-1] org.apache.catalina.startup.HostConfig.deployDirectory Deploying web application directory [C:\Users\Elicia\eclipse-workspace\IRSystem\tomcat-8.5\webapps\manager]
23-Jul-2023 21:37:08.675 INFO [localhost-startStop-1] org.apache.catalina.startup.HostConfig.deployDirectory Deployment of web application directory [C:\Users\Elicia\eclipse-workspace\IRSystem\tomcat-8.5\webapps\manager] has finished in [41] ms
23-Jul-2023 21:37:08.677 INFO [localhost-startStop-1] org.apache.catalina.startup.HostConfig.deployDirectory Deploying web application directory [C:\Users\Elicia\eclipse-workspace\IRSystem\tomcat-8.5\webapps\ROOT]
23-Jul-2023 21:37:08.715 INFO [localhost-startStop-1] org.apache.catalina.startup.HostConfig.deployDirectory Deployment of web application directory [C:\Users\Elicia\eclipse-workspace\IRSystem\tomcat-8.5\webapps\ROOT] has finished in [38] ms
23-Jul-2023 21:37:08.719 INFO [main] org.apache.coyote.AbstractProtocol.start Starting ProtocolHandler ["http-nio-8080"]
23-Jul-2023 21:37:08.787 INFO [main] org.apache.catalina.startup.Catalina.start Server startup in 2203 ms
23-Jul-2023 21:38:52.375 INFO [http-nio-8080-exec-1] org.apache.lucene.store.MemorySegmentIndexInputProvider.<init> Using MemorySegmentIndexInput with Java 20; to disable start with -Dorg.apache.lucene.store.MMapDirectory.enableMemorySegments=false
23-Jul-2023 21:40:39.059 INFO [ContainerBackgroundProcessor[StandardEngine[Catalina]]] org.apache.catalina.startup.HostConfig.undeploy Undeploying context [/React]
23-Jul-2023 21:40:39.109 INFO [localhost-startStop-2] org.apache.catalina.startup.HostConfig.deployWAR Deploying web application archive [C:\Users\Elicia\eclipse-workspace\IRSystem\tomcat-8.5\webapps\React.war]
23-Jul-2023 21:40:41.344 INFO [localhost-startStop-2] org.apache.jasper.servlet.TldScanner.scanJars At least one JAR was scanned for TLDs yet contained no TLDs. Enable debug logging for this logger for a complete list of JARs that were scanned but no TLDs were found in them. Skipping unneeded JARs during scanning can improve startup time and JSP compilation time.
23-Jul-2023 21:40:41.355 INFO [localhost-startStop-2] org.apache.catalina.startup.HostConfig.deployWAR Deployment of web application archive [C:\Users\Elicia\eclipse-workspace\IRSystem\tomcat-8.5\webapps\React.war] has finished in [2,246] ms
23-Jul-2023 21:40:41.573 INFO [http-nio-8080-exec-6] org.apache.lucene.store.MemorySegmentIndexInputProvider.<init> Using MemorySegmentIndexInput with Java 20; to disable start with -Dorg.apache.lucene.store.MMapDirectory.enableMemorySegments=false
23-Jul-2023 21:43:11.602 INFO [ContainerBackgroundProcessor[StandardEngine[Catalina]]] org.apache.catalina.startup.HostConfig.undeploy Undeploying context [/React]
23-Jul-2023 21:43:11.640 INFO [localhost-startStop-3] org.apache.catalina.startup.HostConfig.deployWAR Deploying web application archive [C:\Users\Elicia\eclipse-workspace\IRSystem\tomcat-8.5\webapps\React.war]
23-Jul-2023 21:43:12.856 INFO [localhost-startStop-3] org.apache.jasper.servlet.TldScanner.scanJars At least one JAR was scanned for TLDs yet contained no TLDs. Enable debug logging for this logger for a complete list of JARs that were scanned but no TLDs were found in them. Skipping unneeded JARs during scanning can improve startup time and JSP compilation time.
23-Jul-2023 21:43:12.864 INFO [localhost-startStop-3] org.apache.catalina.startup.HostConfig.deployWAR Deployment of web application archive [C:\Users\Elicia\eclipse-workspace\IRSystem\tomcat-8.5\webapps\React.war] has finished in [1,222] ms
23-Jul-2023 21:43:21.205 INFO [http-nio-8080-exec-13] org.apache.lucene.store.MemorySegmentIndexInputProvider.<init> Using MemorySegmentIndexInput with Java 20; to disable start with -Dorg.apache.lucene.store.MMapDirectory.enableMemorySegments=false
23-Jul-2023 21:44:32.977 INFO [ContainerBackgroundProcessor[StandardEngine[Catalina]]] org.apache.catalina.startup.HostConfig.undeploy Undeploying context [/React]
23-Jul-2023 21:44:33.040 INFO [localhost-startStop-4] org.apache.catalina.startup.HostConfig.deployWAR Deploying web application archive [C:\Users\Elicia\eclipse-workspace\IRSystem\tomcat-8.5\webapps\React.war]
23-Jul-2023 21:44:34.587 INFO [localhost-startStop-4] org.apache.jasper.servlet.TldScanner.scanJars At least one JAR was scanned for TLDs yet contained no TLDs. Enable debug logging for this logger for a complete list of JARs that were scanned but no TLDs were found in them. Skipping unneeded JARs during scanning can improve startup time and JSP compilation time.
23-Jul-2023 21:44:34.593 INFO [localhost-startStop-4] org.apache.catalina.startup.HostConfig.deployWAR Deployment of web application archive [C:\Users\Elicia\eclipse-workspace\IRSystem\tomcat-8.5\webapps\React.war] has finished in [1,553] ms
23-Jul-2023 21:45:12.168 INFO [http-nio-8080-exec-18] org.apache.lucene.store.MemorySegmentIndexInputProvider.<init> Using MemorySegmentIndexInput with Java 20; to disable start with -Dorg.apache.lucene.store.MMapDirectory.enableMemorySegments=false
23-Jul-2023 21:45:14.663 INFO [ContainerBackgroundProcessor[StandardEngine[Catalina]]] org.apache.catalina.startup.HostConfig.undeploy Undeploying context [/React]
23-Jul-2023 21:45:14.693 INFO [localhost-startStop-5] org.apache.catalina.startup.HostConfig.deployWAR Deploying web application archive [C:\Users\Elicia\eclipse-workspace\IRSystem\tomcat-8.5\webapps\React.war]
23-Jul-2023 21:45:16.001 INFO [localhost-startStop-5] org.apache.jasper.servlet.TldScanner.scanJars At least one JAR was scanned for TLDs yet contained no TLDs. Enable debug logging for this logger for a complete list of JARs that were scanned but no TLDs were found in them. Skipping unneeded JARs during scanning can improve startup time and JSP compilation time.
23-Jul-2023 21:45:16.007 INFO [localhost-startStop-5] org.apache.catalina.startup.HostConfig.deployWAR Deployment of web application archive [C:\Users\Elicia\eclipse-workspace\IRSystem\tomcat-8.5\webapps\React.war] has finished in [1,314] ms
23-Jul-2023 21:45:49.165 INFO [http-nio-8080-exec-24] org.apache.lucene.store.MemorySegmentIndexInputProvider.<init> Using MemorySegmentIndexInput with Java 20; to disable start with -Dorg.apache.lucene.store.MMapDirectory.enableMemorySegments=false
23-Jul-2023 21:50:26.535 INFO [ContainerBackgroundProcessor[StandardEngine[Catalina]]] org.apache.catalina.startup.HostConfig.undeploy Undeploying context [/React]
23-Jul-2023 21:50:26.654 INFO [localhost-startStop-6] org.apache.catalina.startup.HostConfig.deployWAR Deploying web application archive [C:\Users\Elicia\eclipse-workspace\IRSystem\tomcat-8.5\webapps\React.war]
23-Jul-2023 21:50:28.329 INFO [localhost-startStop-6] org.apache.jasper.servlet.TldScanner.scanJars At least one JAR was scanned for TLDs yet contained no TLDs. Enable debug logging for this logger for a complete list of JARs that were scanned but no TLDs were found in them. Skipping unneeded JARs during scanning can improve startup time and JSP compilation time.
23-Jul-2023 21:50:28.402 INFO [localhost-startStop-6] org.apache.catalina.startup.HostConfig.deployWAR Deployment of web application archive [C:\Users\Elicia\eclipse-workspace\IRSystem\tomcat-8.5\webapps\React.war] has finished in [1,748] ms
23-Jul-2023 21:50:28.926 INFO [http-nio-8080-exec-29] org.apache.lucene.store.MemorySegmentIndexInputProvider.<init> Using MemorySegmentIndexInput with Java 20; to disable start with -Dorg.apache.lucene.store.MMapDirectory.enableMemorySegments=false
23-Jul-2023 21:51:38.538 INFO [ContainerBackgroundProcessor[StandardEngine[Catalina]]] org.apache.catalina.startup.HostConfig.undeploy Undeploying context [/React]
23-Jul-2023 21:51:38.562 INFO [localhost-startStop-7] org.apache.catalina.startup.HostConfig.deployWAR Deploying web application archive [C:\Users\Elicia\eclipse-workspace\IRSystem\tomcat-8.5\webapps\React.war]
23-Jul-2023 21:51:39.716 INFO [localhost-startStop-7] org.apache.jasper.servlet.TldScanner.scanJars At least one JAR was scanned for TLDs yet contained no TLDs. Enable debug logging for this logger for a complete list of JARs that were scanned but no TLDs were found in them. Skipping unneeded JARs during scanning can improve startup time and JSP compilation time.
23-Jul-2023 21:51:39.721 INFO [localhost-startStop-7] org.apache.catalina.startup.HostConfig.deployWAR Deployment of web application archive [C:\Users\Elicia\eclipse-workspace\IRSystem\tomcat-8.5\webapps\React.war] has finished in [1,159] ms
23-Jul-2023 21:51:54.217 INFO [http-nio-8080-exec-36] org.apache.lucene.store.MemorySegmentIndexInputProvider.<init> Using MemorySegmentIndexInput with Java 20; to disable start with -Dorg.apache.lucene.store.MMapDirectory.enableMemorySegments=false
23-Jul-2023 21:57:00.230 INFO [ContainerBackgroundProcessor[StandardEngine[Catalina]]] org.apache.catalina.startup.HostConfig.undeploy Undeploying context [/React]
23-Jul-2023 21:57:00.297 INFO [localhost-startStop-8] org.apache.catalina.startup.HostConfig.deployWAR Deploying web application archive [C:\Users\Elicia\eclipse-workspace\IRSystem\tomcat-8.5\webapps\React.war]
23-Jul-2023 21:57:02.138 INFO [localhost-startStop-8] org.apache.jasper.servlet.TldScanner.scanJars At least one JAR was scanned for TLDs yet contained no TLDs. Enable debug logging for this logger for a complete list of JARs that were scanned but no TLDs were found in them. Skipping unneeded JARs during scanning can improve startup time and JSP compilation time.
23-Jul-2023 21:57:02.147 INFO [localhost-startStop-8] org.apache.catalina.startup.HostConfig.deployWAR Deployment of web application archive [C:\Users\Elicia\eclipse-workspace\IRSystem\tomcat-8.5\webapps\React.war] has finished in [1,850] ms
23-Jul-2023 21:57:04.970 INFO [http-nio-8080-exec-43] org.apache.lucene.store.MemorySegmentIndexInputProvider.<init> Using MemorySegmentIndexInput with Java 20; to disable start with -Dorg.apache.lucene.store.MMapDirectory.enableMemorySegments=false
23-Jul-2023 22:00:02.453 INFO [ContainerBackgroundProcessor[StandardEngine[Catalina]]] org.apache.catalina.startup.HostConfig.undeploy Undeploying context [/React]
23-Jul-2023 22:00:02.517 INFO [localhost-startStop-9] org.apache.catalina.startup.HostConfig.deployWAR Deploying web application archive [C:\Users\Elicia\eclipse-workspace\IRSystem\tomcat-8.5\webapps\React.war]
23-Jul-2023 22:00:04.065 INFO [localhost-startStop-9] org.apache.jasper.servlet.TldScanner.scanJars At least one JAR was scanned for TLDs yet contained no TLDs. Enable debug logging for this logger for a complete list of JARs that were scanned but no TLDs were found in them. Skipping unneeded JARs during scanning can improve startup time and JSP compilation time.
23-Jul-2023 22:00:04.073 INFO [localhost-startStop-9] org.apache.catalina.startup.HostConfig.deployWAR Deployment of web application archive [C:\Users\Elicia\eclipse-workspace\IRSystem\tomcat-8.5\webapps\React.war] has finished in [1,556] ms
23-Jul-2023 22:00:09.626 INFO [http-nio-8080-exec-52] org.apache.lucene.store.MemorySegmentIndexInputProvider.<init> Using MemorySegmentIndexInput with Java 20; to disable start with -Dorg.apache.lucene.store.MMapDirectory.enableMemorySegments=false
23-Jul-2023 22:08:04.873 INFO [ContainerBackgroundProcessor[StandardEngine[Catalina]]] org.apache.catalina.startup.HostConfig.undeploy Undeploying context [/React]
23-Jul-2023 22:08:04.937 INFO [localhost-startStop-10] org.apache.catalina.startup.HostConfig.deployWAR Deploying web application archive [C:\Users\Elicia\eclipse-workspace\IRSystem\tomcat-8.5\webapps\React.war]
23-Jul-2023 22:08:06.940 INFO [localhost-startStop-10] org.apache.jasper.servlet.TldScanner.scanJars At least one JAR was scanned for TLDs yet contained no TLDs. Enable debug logging for this logger for a complete list of JARs that were scanned but no TLDs were found in them. Skipping unneeded JARs during scanning can improve startup time and JSP compilation time.
23-Jul-2023 22:08:06.948 INFO [localhost-startStop-10] org.apache.catalina.startup.HostConfig.deployWAR Deployment of web application archive [C:\Users\Elicia\eclipse-workspace\IRSystem\tomcat-8.5\webapps\React.war] has finished in [2,011] ms
23-Jul-2023 22:09:07.035 INFO [ContainerBackgroundProcessor[StandardEngine[Catalina]]] org.apache.catalina.startup.HostConfig.undeploy Undeploying context [/React]
23-Jul-2023 22:09:07.083 INFO [localhost-startStop-11] org.apache.catalina.startup.HostConfig.deployWAR Deploying web application archive [C:\Users\Elicia\eclipse-workspace\IRSystem\tomcat-8.5\webapps\React.war]
23-Jul-2023 22:09:08.745 INFO [localhost-startStop-11] org.apache.jasper.servlet.TldScanner.scanJars At least one JAR was scanned for TLDs yet contained no TLDs. Enable debug logging for this logger for a complete list of JARs that were scanned but no TLDs were found in them. Skipping unneeded JARs during scanning can improve startup time and JSP compilation time.
23-Jul-2023 22:09:08.750 INFO [localhost-startStop-11] org.apache.catalina.startup.HostConfig.deployWAR Deployment of web application archive [C:\Users\Elicia\eclipse-workspace\IRSystem\tomcat-8.5\webapps\React.war] has finished in [1,667] ms
23-Jul-2023 22:09:11.347 INFO [http-nio-8080-exec-62] org.apache.lucene.store.MemorySegmentIndexInputProvider.<init> Using MemorySegmentIndexInput with Java 20; to disable start with -Dorg.apache.lucene.store.MMapDirectory.enableMemorySegments=false
23-Jul-2023 22:12:49.064 INFO [ContainerBackgroundProcessor[StandardEngine[Catalina]]] org.apache.catalina.startup.HostConfig.undeploy Undeploying context [/React]
23-Jul-2023 22:12:49.107 INFO [localhost-startStop-12] org.apache.catalina.startup.HostConfig.deployWAR Deploying web application archive [C:\Users\Elicia\eclipse-workspace\IRSystem\tomcat-8.5\webapps\React.war]
23-Jul-2023 22:12:50.365 INFO [localhost-startStop-12] org.apache.jasper.servlet.TldScanner.scanJars At least one JAR was scanned for TLDs yet contained no TLDs. Enable debug logging for this logger for a complete list of JARs that were scanned but no TLDs were found in them. Skipping unneeded JARs during scanning can improve startup time and JSP compilation time.
23-Jul-2023 22:12:50.372 INFO [localhost-startStop-12] org.apache.catalina.startup.HostConfig.deployWAR Deployment of web application archive [C:\Users\Elicia\eclipse-workspace\IRSystem\tomcat-8.5\webapps\React.war] has finished in [1,266] ms
23-Jul-2023 22:12:51.232 INFO [http-nio-8080-exec-56] org.apache.lucene.store.MemorySegmentIndexInputProvider.<init> Using MemorySegmentIndexInput with Java 20; to disable start with -Dorg.apache.lucene.store.MMapDirectory.enableMemorySegments=false
23-Jul-2023 22:15:10.765 INFO [ContainerBackgroundProcessor[StandardEngine[Catalina]]] org.apache.catalina.startup.HostConfig.undeploy Undeploying context [/React]
23-Jul-2023 22:15:10.815 INFO [localhost-startStop-13] org.apache.catalina.startup.HostConfig.deployWAR Deploying web application archive [C:\Users\Elicia\eclipse-workspace\IRSystem\tomcat-8.5\webapps\React.war]
23-Jul-2023 22:15:12.069 INFO [localhost-startStop-13] org.apache.jasper.servlet.TldScanner.scanJars At least one JAR was scanned for TLDs yet contained no TLDs. Enable debug logging for this logger for a complete list of JARs that were scanned but no TLDs were found in them. Skipping unneeded JARs during scanning can improve startup time and JSP compilation time.
23-Jul-2023 22:15:12.074 INFO [localhost-startStop-13] org.apache.catalina.startup.HostConfig.deployWAR Deployment of web application archive [C:\Users\Elicia\eclipse-workspace\IRSystem\tomcat-8.5\webapps\React.war] has finished in [1,259] ms
23-Jul-2023 22:15:16.589 INFO [http-nio-8080-exec-72] org.apache.lucene.store.MemorySegmentIndexInputProvider.<init> Using MemorySegmentIndexInput with Java 20; to disable start with -Dorg.apache.lucene.store.MMapDirectory.enableMemorySegments=false
23-Jul-2023 22:16:32.174 INFO [ContainerBackgroundProcessor[StandardEngine[Catalina]]] org.apache.catalina.startup.HostConfig.undeploy Undeploying context [/React]
23-Jul-2023 22:16:32.220 INFO [localhost-startStop-14] org.apache.catalina.startup.HostConfig.deployWAR Deploying web application archive [C:\Users\Elicia\eclipse-workspace\IRSystem\tomcat-8.5\webapps\React.war]
23-Jul-2023 22:16:33.867 INFO [localhost-startStop-14] org.apache.jasper.servlet.TldScanner.scanJars At least one JAR was scanned for TLDs yet contained no TLDs. Enable debug logging for this logger for a complete list of JARs that were scanned but no TLDs were found in them. Skipping unneeded JARs during scanning can improve startup time and JSP compilation time.
23-Jul-2023 22:16:33.873 INFO [localhost-startStop-14] org.apache.catalina.startup.HostConfig.deployWAR Deployment of web application archive [C:\Users\Elicia\eclipse-workspace\IRSystem\tomcat-8.5\webapps\React.war] has finished in [1,652] ms
23-Jul-2023 22:16:34.914 INFO [http-nio-8080-exec-76] org.apache.lucene.store.MemorySegmentIndexInputProvider.<init> Using MemorySegmentIndexInput with Java 20; to disable start with -Dorg.apache.lucene.store.MMapDirectory.enableMemorySegments=false
23-Jul-2023 22:18:04.054 INFO [ContainerBackgroundProcessor[StandardEngine[Catalina]]] org.apache.catalina.startup.HostConfig.undeploy Undeploying context [/React]
23-Jul-2023 22:18:04.088 INFO [localhost-startStop-15] org.apache.catalina.startup.HostConfig.deployWAR Deploying web application archive [C:\Users\Elicia\eclipse-workspace\IRSystem\tomcat-8.5\webapps\React.war]
23-Jul-2023 22:18:05.776 INFO [localhost-startStop-15] org.apache.jasper.servlet.TldScanner.scanJars At least one JAR was scanned for TLDs yet contained no TLDs. Enable debug logging for this logger for a complete list of JARs that were scanned but no TLDs were found in them. Skipping unneeded JARs during scanning can improve startup time and JSP compilation time.
23-Jul-2023 22:18:05.781 INFO [localhost-startStop-15] org.apache.catalina.startup.HostConfig.deployWAR Deployment of web application archive [C:\Users\Elicia\eclipse-workspace\IRSystem\tomcat-8.5\webapps\React.war] has finished in [1,693] ms
23-Jul-2023 22:18:17.355 INFO [http-nio-8080-exec-66] org.apache.lucene.store.MemorySegmentIndexInputProvider.<init> Using MemorySegmentIndexInput with Java 20; to disable start with -Dorg.apache.lucene.store.MMapDirectory.enableMemorySegments=false
23-Jul-2023 22:20:26.004 INFO [ContainerBackgroundProcessor[StandardEngine[Catalina]]] org.apache.catalina.startup.HostConfig.undeploy Undeploying context [/React]
23-Jul-2023 22:20:26.049 INFO [localhost-startStop-16] org.apache.catalina.startup.HostConfig.deployWAR Deploying web application archive [C:\Users\Elicia\eclipse-workspace\IRSystem\tomcat-8.5\webapps\React.war]
23-Jul-2023 22:20:27.104 INFO [localhost-startStop-16] org.apache.jasper.servlet.TldScanner.scanJars At least one JAR was scanned for TLDs yet contained no TLDs. Enable debug logging for this logger for a complete list of JARs that were scanned but no TLDs were found in them. Skipping unneeded JARs during scanning can improve startup time and JSP compilation time.
23-Jul-2023 22:20:27.112 INFO [localhost-startStop-16] org.apache.catalina.startup.HostConfig.deployWAR Deployment of web application archive [C:\Users\Elicia\eclipse-workspace\IRSystem\tomcat-8.5\webapps\React.war] has finished in [1,064] ms
23-Jul-2023 22:20:27.532 INFO [http-nio-8080-exec-78] org.apache.lucene.store.MemorySegmentIndexInputProvider.<init> Using MemorySegmentIndexInput with Java 20; to disable start with -Dorg.apache.lucene.store.MMapDirectory.enableMemorySegments=false
