20-Jul-2023 21:56:59.814 INFO [main] org.apache.catalina.startup.VersionLoggerListener.log Server version name:   Apache Tomcat/8.5.90
20-Jul-2023 21:56:59.822 INFO [main] org.apache.catalina.startup.VersionLoggerListener.log Server built:          Jun 2 2023 17:14:04 UTC
20-Jul-2023 21:56:59.822 INFO [main] org.apache.catalina.startup.VersionLoggerListener.log Server version number: 8.5.90.0
20-Jul-2023 21:56:59.822 INFO [main] org.apache.catalina.startup.VersionLoggerListener.log OS Name:               Windows 11
20-Jul-2023 21:56:59.822 INFO [main] org.apache.catalina.startup.VersionLoggerListener.log OS Version:            10.0
20-Jul-2023 21:56:59.822 INFO [main] org.apache.catalina.startup.VersionLoggerListener.log Architecture:          amd64
20-Jul-2023 21:56:59.822 INFO [main] org.apache.catalina.startup.VersionLoggerListener.log Java Home:             C:\Program Files\Java\jdk-20
20-Jul-2023 21:56:59.826 INFO [main] org.apache.catalina.startup.VersionLoggerListener.log JVM Version:           20.0.1+9-29
20-Jul-2023 21:56:59.826 INFO [main] org.apache.catalina.startup.VersionLoggerListener.log JVM Vendor:            Oracle Corporation
20-Jul-2023 21:56:59.826 INFO [main] org.apache.catalina.startup.VersionLoggerListener.log CATALINA_BASE:         C:\apache-tomcat-8.5.90
20-Jul-2023 21:56:59.826 INFO [main] org.apache.catalina.startup.VersionLoggerListener.log CATALINA_HOME:         C:\apache-tomcat-8.5.90
20-Jul-2023 21:56:59.826 INFO [main] org.apache.catalina.startup.VersionLoggerListener.log Command line argument: --add-opens=java.base/java.lang=ALL-UNNAMED
20-Jul-2023 21:56:59.826 INFO [main] org.apache.catalina.startup.VersionLoggerListener.log Command line argument: --add-opens=java.base/java.io=ALL-UNNAMED
20-Jul-2023 21:56:59.826 INFO [main] org.apache.catalina.startup.VersionLoggerListener.log Command line argument: --add-opens=java.base/java.util=ALL-UNNAMED
20-Jul-2023 21:56:59.826 INFO [main] org.apache.catalina.startup.VersionLoggerListener.log Command line argument: --add-opens=java.base/java.util.concurrent=ALL-UNNAMED
20-Jul-2023 21:56:59.830 INFO [main] org.apache.catalina.startup.VersionLoggerListener.log Command line argument: --add-opens=java.rmi/sun.rmi.transport=ALL-UNNAMED
20-Jul-2023 21:56:59.832 INFO [main] org.apache.catalina.startup.VersionLoggerListener.log Command line argument: -Djava.util.logging.config.file=C:\apache-tomcat-8.5.90\conf\logging.properties
20-Jul-2023 21:56:59.832 INFO [main] org.apache.catalina.startup.VersionLoggerListener.log Command line argument: -Djava.util.logging.manager=org.apache.juli.ClassLoaderLogManager
20-Jul-2023 21:56:59.833 INFO [main] org.apache.catalina.startup.VersionLoggerListener.log Command line argument: -Djdk.tls.ephemeralDHKeySize=2048
20-Jul-2023 21:56:59.834 INFO [main] org.apache.catalina.startup.VersionLoggerListener.log Command line argument: -Djava.protocol.handler.pkgs=org.apache.catalina.webresources
20-Jul-2023 21:56:59.835 INFO [main] org.apache.catalina.startup.VersionLoggerListener.log Command line argument: -Dignore.endorsed.dirs=
20-Jul-2023 21:56:59.835 INFO [main] org.apache.catalina.startup.VersionLoggerListener.log Command line argument: -Dcatalina.base=C:\apache-tomcat-8.5.90
20-Jul-2023 21:56:59.836 INFO [main] org.apache.catalina.startup.VersionLoggerListener.log Command line argument: -Dcatalina.home=C:\apache-tomcat-8.5.90
20-Jul-2023 21:56:59.836 INFO [main] org.apache.catalina.startup.VersionLoggerListener.log Command line argument: -Djava.io.tmpdir=C:\apache-tomcat-8.5.90\temp
20-Jul-2023 21:56:59.837 INFO [main] org.apache.catalina.core.AprLifecycleListener.lifecycleEvent The Apache Tomcat Native library which allows using OpenSSL was not found on the java.library.path: [C:\Program Files\Java\jdk-20\bin;C:\WINDOWS\Sun\Java\bin;C:\WINDOWS\system32;C:\WINDOWS;C:\Program Files\Common Files\Oracle\Java\javapath;C:\WINDOWS\system32;C:\WINDOWS;C:\WINDOWS\System32\Wbem;C:\WINDOWS\System32\WindowsPowerShell\v1.0\;C:\WINDOWS\System32\OpenSSH\;C:\Program Files\Git\cmd;C:\Program Files\nodejs\;C:\apache-maven-3.9.3\bin;C:\Users\Elicia\AppData\Local\Microsoft\WindowsApps;C:\Users\Elicia\AppData\Local\Programs\Microsoft VS Code\bin;C:\Users\Elicia\AppData\Local\Programs\Python\Python311;C:\Users\Elicia\AppData\Local\Programs\Python\Python311\Scripts;C:\Program Files\Java\jdk-20;C:\Users\Elicia\AppData\Local\GitHubDesktop\bin;C:\Users\Elicia\AppData\Roaming\npm;C:\apache-maven-3.9.3-bin\apache-maven-3.9.3\bin;.]
20-Jul-2023 21:56:59.906 INFO [main] org.apache.coyote.AbstractProtocol.init Initializing ProtocolHandler ["http-nio-8080"]
20-Jul-2023 21:56:59.947 INFO [main] org.apache.catalina.startup.Catalina.load Initialization processed in 709 ms
20-Jul-2023 21:57:00.041 INFO [main] org.apache.catalina.core.StandardService.startInternal Starting service [Catalina]
20-Jul-2023 21:57:00.041 INFO [main] org.apache.catalina.core.StandardEngine.startInternal Starting Servlet engine: [Apache Tomcat/8.5.90]
20-Jul-2023 21:57:00.075 INFO [localhost-startStop-1] org.apache.catalina.startup.HostConfig.deployWAR Deploying web application archive [C:\apache-tomcat-8.5.90\webapps\React.war]
20-Jul-2023 21:57:01.204 INFO [localhost-startStop-1] org.apache.jasper.servlet.TldScanner.scanJars At least one JAR was scanned for TLDs yet contained no TLDs. Enable debug logging for this logger for a complete list of JARs that were scanned but no TLDs were found in them. Skipping unneeded JARs during scanning can improve startup time and JSP compilation time.
20-Jul-2023 21:57:01.344 INFO [localhost-startStop-1] org.apache.catalina.startup.HostConfig.deployWAR Deployment of web application archive [C:\apache-tomcat-8.5.90\webapps\React.war] has finished in [1,269] ms
20-Jul-2023 21:57:01.350 INFO [localhost-startStop-1] org.apache.catalina.startup.HostConfig.deployDirectory Deploying web application directory [C:\apache-tomcat-8.5.90\webapps\docs]
20-Jul-2023 21:57:01.415 INFO [localhost-startStop-1] org.apache.catalina.startup.HostConfig.deployDirectory Deployment of web application directory [C:\apache-tomcat-8.5.90\webapps\docs] has finished in [65] ms
20-Jul-2023 21:57:01.415 INFO [localhost-startStop-1] org.apache.catalina.startup.HostConfig.deployDirectory Deploying web application directory [C:\apache-tomcat-8.5.90\webapps\examples]
20-Jul-2023 21:57:01.820 INFO [localhost-startStop-1] org.apache.catalina.startup.HostConfig.deployDirectory Deployment of web application directory [C:\apache-tomcat-8.5.90\webapps\examples] has finished in [405] ms
20-Jul-2023 21:57:01.821 INFO [localhost-startStop-1] org.apache.catalina.startup.HostConfig.deployDirectory Deploying web application directory [C:\apache-tomcat-8.5.90\webapps\host-manager]
20-Jul-2023 21:57:01.865 INFO [localhost-startStop-1] org.apache.catalina.startup.HostConfig.deployDirectory Deployment of web application directory [C:\apache-tomcat-8.5.90\webapps\host-manager] has finished in [42] ms
20-Jul-2023 21:57:01.865 INFO [localhost-startStop-1] org.apache.catalina.startup.HostConfig.deployDirectory Deploying web application directory [C:\apache-tomcat-8.5.90\webapps\manager]
20-Jul-2023 21:57:01.895 INFO [localhost-startStop-1] org.apache.catalina.startup.HostConfig.deployDirectory Deployment of web application directory [C:\apache-tomcat-8.5.90\webapps\manager] has finished in [30] ms
20-Jul-2023 21:57:01.900 INFO [localhost-startStop-1] org.apache.catalina.startup.HostConfig.deployDirectory Deploying web application directory [C:\apache-tomcat-8.5.90\webapps\ROOT]
20-Jul-2023 21:57:01.920 INFO [localhost-startStop-1] org.apache.catalina.startup.HostConfig.deployDirectory Deployment of web application directory [C:\apache-tomcat-8.5.90\webapps\ROOT] has finished in [21] ms
20-Jul-2023 21:57:01.928 INFO [main] org.apache.coyote.AbstractProtocol.start Starting ProtocolHandler ["http-nio-8080"]
20-Jul-2023 21:57:02.002 INFO [main] org.apache.catalina.startup.Catalina.start Server startup in 2049 ms
20-Jul-2023 23:09:46.615 INFO [main] org.apache.catalina.core.StandardServer.await A valid shutdown command was received via the shutdown port. Stopping the Server instance.
20-Jul-2023 23:09:51.344 INFO [main] org.apache.catalina.startup.VersionLoggerListener.log Server version name:   Apache Tomcat/8.5.90
20-Jul-2023 23:09:51.347 INFO [main] org.apache.catalina.startup.VersionLoggerListener.log Server built:          Jun 2 2023 17:14:04 UTC
20-Jul-2023 23:09:51.348 INFO [main] org.apache.catalina.startup.VersionLoggerListener.log Server version number: 8.5.90.0
20-Jul-2023 23:09:51.348 INFO [main] org.apache.catalina.startup.VersionLoggerListener.log OS Name:               Windows 11
20-Jul-2023 23:09:51.349 INFO [main] org.apache.catalina.startup.VersionLoggerListener.log OS Version:            10.0
20-Jul-2023 23:09:51.349 INFO [main] org.apache.catalina.startup.VersionLoggerListener.log Architecture:          amd64
20-Jul-2023 23:09:51.350 INFO [main] org.apache.catalina.startup.VersionLoggerListener.log Java Home:             C:\Program Files\Java\jdk-20
20-Jul-2023 23:09:51.350 INFO [main] org.apache.catalina.startup.VersionLoggerListener.log JVM Version:           20.0.1+9-29
20-Jul-2023 23:09:51.350 INFO [main] org.apache.catalina.startup.VersionLoggerListener.log JVM Vendor:            Oracle Corporation
20-Jul-2023 23:09:51.351 INFO [main] org.apache.catalina.startup.VersionLoggerListener.log CATALINA_BASE:         C:\apache-tomcat-8.5.90
20-Jul-2023 23:09:51.351 INFO [main] org.apache.catalina.startup.VersionLoggerListener.log CATALINA_HOME:         C:\apache-tomcat-8.5.90
20-Jul-2023 23:09:51.352 INFO [main] org.apache.catalina.startup.VersionLoggerListener.log Command line argument: --add-opens=java.base/java.lang=ALL-UNNAMED
20-Jul-2023 23:09:51.354 INFO [main] org.apache.catalina.startup.VersionLoggerListener.log Command line argument: --add-opens=java.base/java.io=ALL-UNNAMED
20-Jul-2023 23:09:51.355 INFO [main] org.apache.catalina.startup.VersionLoggerListener.log Command line argument: --add-opens=java.base/java.util=ALL-UNNAMED
20-Jul-2023 23:09:51.356 INFO [main] org.apache.catalina.startup.VersionLoggerListener.log Command line argument: --add-opens=java.base/java.util.concurrent=ALL-UNNAMED
20-Jul-2023 23:09:51.357 INFO [main] org.apache.catalina.startup.VersionLoggerListener.log Command line argument: --add-opens=java.rmi/sun.rmi.transport=ALL-UNNAMED
20-Jul-2023 23:09:51.358 INFO [main] org.apache.catalina.startup.VersionLoggerListener.log Command line argument: -Djava.util.logging.config.file=C:\apache-tomcat-8.5.90\conf\logging.properties
20-Jul-2023 23:09:51.358 INFO [main] org.apache.catalina.startup.VersionLoggerListener.log Command line argument: -Djava.util.logging.manager=org.apache.juli.ClassLoaderLogManager
20-Jul-2023 23:09:51.360 INFO [main] org.apache.catalina.startup.VersionLoggerListener.log Command line argument: -Djdk.tls.ephemeralDHKeySize=2048
20-Jul-2023 23:09:51.360 INFO [main] org.apache.catalina.startup.VersionLoggerListener.log Command line argument: -Djava.protocol.handler.pkgs=org.apache.catalina.webresources
20-Jul-2023 23:09:51.361 INFO [main] org.apache.catalina.startup.VersionLoggerListener.log Command line argument: -Dignore.endorsed.dirs=
20-Jul-2023 23:09:51.362 INFO [main] org.apache.catalina.startup.VersionLoggerListener.log Command line argument: -Dcatalina.base=C:\apache-tomcat-8.5.90
20-Jul-2023 23:09:51.363 INFO [main] org.apache.catalina.startup.VersionLoggerListener.log Command line argument: -Dcatalina.home=C:\apache-tomcat-8.5.90
20-Jul-2023 23:09:51.364 INFO [main] org.apache.catalina.startup.VersionLoggerListener.log Command line argument: -Djava.io.tmpdir=C:\apache-tomcat-8.5.90\temp
20-Jul-2023 23:09:51.364 INFO [main] org.apache.catalina.core.AprLifecycleListener.lifecycleEvent The Apache Tomcat Native library which allows using OpenSSL was not found on the java.library.path: [C:\Program Files\Java\jdk-20\bin;C:\WINDOWS\Sun\Java\bin;C:\WINDOWS\system32;C:\WINDOWS;C:\Program Files\Common Files\Oracle\Java\javapath;C:\WINDOWS\system32;C:\WINDOWS;C:\WINDOWS\System32\Wbem;C:\WINDOWS\System32\WindowsPowerShell\v1.0\;C:\WINDOWS\System32\OpenSSH\;C:\Program Files\Git\cmd;C:\Program Files\nodejs\;C:\apache-maven-3.9.3\bin;C:\Users\Elicia\AppData\Local\Microsoft\WindowsApps;C:\Users\Elicia\AppData\Local\Programs\Microsoft VS Code\bin;C:\Users\Elicia\AppData\Local\Programs\Python\Python311;C:\Users\Elicia\AppData\Local\Programs\Python\Python311\Scripts;C:\Program Files\Java\jdk-20;C:\Users\Elicia\AppData\Local\GitHubDesktop\bin;C:\Users\Elicia\AppData\Roaming\npm;C:\apache-maven-3.9.3-bin\apache-maven-3.9.3\bin;.]
20-Jul-2023 23:09:51.438 INFO [main] org.apache.coyote.AbstractProtocol.init Initializing ProtocolHandler ["http-nio-8080"]
20-Jul-2023 23:09:51.475 INFO [main] org.apache.catalina.startup.Catalina.load Initialization processed in 802 ms
20-Jul-2023 23:09:51.586 INFO [main] org.apache.catalina.core.StandardService.startInternal Starting service [Catalina]
20-Jul-2023 23:09:51.586 INFO [main] org.apache.catalina.core.StandardEngine.startInternal Starting Servlet engine: [Apache Tomcat/8.5.90]
20-Jul-2023 23:09:51.610 INFO [localhost-startStop-1] org.apache.catalina.startup.HostConfig.deployWAR Deploying web application archive [C:\apache-tomcat-8.5.90\webapps\React.war]
20-Jul-2023 23:09:52.583 INFO [localhost-startStop-1] org.apache.jasper.servlet.TldScanner.scanJars At least one JAR was scanned for TLDs yet contained no TLDs. Enable debug logging for this logger for a complete list of JARs that were scanned but no TLDs were found in them. Skipping unneeded JARs during scanning can improve startup time and JSP compilation time.
20-Jul-2023 23:09:52.658 INFO [localhost-startStop-1] org.apache.catalina.startup.HostConfig.deployWAR Deployment of web application archive [C:\apache-tomcat-8.5.90\webapps\React.war] has finished in [1,047] ms
20-Jul-2023 23:09:52.659 INFO [localhost-startStop-1] org.apache.catalina.startup.HostConfig.deployDirectory Deploying web application directory [C:\apache-tomcat-8.5.90\webapps\docs]
20-Jul-2023 23:09:52.700 INFO [localhost-startStop-1] org.apache.catalina.startup.HostConfig.deployDirectory Deployment of web application directory [C:\apache-tomcat-8.5.90\webapps\docs] has finished in [41] ms
20-Jul-2023 23:09:52.700 INFO [localhost-startStop-1] org.apache.catalina.startup.HostConfig.deployDirectory Deploying web application directory [C:\apache-tomcat-8.5.90\webapps\examples]
20-Jul-2023 23:09:53.156 INFO [localhost-startStop-1] org.apache.catalina.startup.HostConfig.deployDirectory Deployment of web application directory [C:\apache-tomcat-8.5.90\webapps\examples] has finished in [455] ms
20-Jul-2023 23:09:53.157 INFO [localhost-startStop-1] org.apache.catalina.startup.HostConfig.deployDirectory Deploying web application directory [C:\apache-tomcat-8.5.90\webapps\host-manager]
20-Jul-2023 23:09:53.194 INFO [localhost-startStop-1] org.apache.catalina.startup.HostConfig.deployDirectory Deployment of web application directory [C:\apache-tomcat-8.5.90\webapps\host-manager] has finished in [38] ms
20-Jul-2023 23:09:53.195 INFO [localhost-startStop-1] org.apache.catalina.startup.HostConfig.deployDirectory Deploying web application directory [C:\apache-tomcat-8.5.90\webapps\manager]
20-Jul-2023 23:09:53.226 INFO [localhost-startStop-1] org.apache.catalina.startup.HostConfig.deployDirectory Deployment of web application directory [C:\apache-tomcat-8.5.90\webapps\manager] has finished in [31] ms
20-Jul-2023 23:09:53.226 INFO [localhost-startStop-1] org.apache.catalina.startup.HostConfig.deployDirectory Deploying web application directory [C:\apache-tomcat-8.5.90\webapps\ROOT]
20-Jul-2023 23:09:53.245 INFO [localhost-startStop-1] org.apache.catalina.startup.HostConfig.deployDirectory Deployment of web application directory [C:\apache-tomcat-8.5.90\webapps\ROOT] has finished in [19] ms
20-Jul-2023 23:09:53.248 INFO [main] org.apache.coyote.AbstractProtocol.start Starting ProtocolHandler ["http-nio-8080"]
20-Jul-2023 23:09:53.295 INFO [main] org.apache.catalina.startup.Catalina.start Server startup in 1815 ms
20-Jul-2023 23:18:53.715 INFO [main] org.apache.catalina.core.StandardServer.await A valid shutdown command was received via the shutdown port. Stopping the Server instance.
20-Jul-2023 23:18:53.716 INFO [main] org.apache.coyote.AbstractProtocol.pause Pausing ProtocolHandler ["http-nio-8080"]
20-Jul-2023 23:18:53.730 INFO [main] org.apache.catalina.core.StandardService.stopInternal Stopping service [Catalina]
20-Jul-2023 23:18:53.784 INFO [main] org.apache.coyote.AbstractProtocol.stop Stopping ProtocolHandler ["http-nio-8080"]
20-Jul-2023 23:18:53.794 INFO [main] org.apache.coyote.AbstractProtocol.destroy Destroying ProtocolHandler ["http-nio-8080"]
